[Mon, 15 Aug 2016 18:02:51 +0200] Error 8:Undefined index: n0me
[Mon, 15 Aug 2016 18:02:51 +0200] Error 8:Undefined variable: ac
[Mon, 15 Aug 2016 18:02:51 +0200] Error 8:Undefined variable: ac
[Mon, 15 Aug 2016 18:02:51 +0200] Error 8:Undefined variable: ac
[Mon, 15 Aug 2016 18:02:51 +0200] Error 8:Undefined variable: ac
[Mon, 15 Aug 2016 18:02:54 +0200] Error 8:Undefined variable: ac
[Mon, 15 Aug 2016 18:02:54 +0200] Error 8:Undefined variable: ac
[Mon, 15 Aug 2016 18:02:54 +0200] Error 8:Undefined variable: ac
[Mon, 15 Aug 2016 18:02:54 +0200] Error 8:Undefined variable: ac
[Mon, 15 Aug 2016 18:07:10 +0200] Error 8:Undefined index: n0me
[Mon, 15 Aug 2016 18:07:10 +0200] Error 8:Undefined variable: ac
[Mon, 15 Aug 2016 18:07:10 +0200] Error 8:Undefined variable: ac
[Mon, 15 Aug 2016 18:07:10 +0200] Error 8:Undefined variable: ac
[Mon, 15 Aug 2016 18:07:10 +0200] Error 8:Undefined variable: ac
[Mon, 15 Aug 2016 18:07:12 +0200] Error 8:Undefined index: n0me
[Mon, 15 Aug 2016 18:07:12 +0200] Error 8:Undefined variable: ac
[Mon, 15 Aug 2016 18:07:12 +0200] Error 8:Undefined variable: ac
[Mon, 15 Aug 2016 18:07:12 +0200] Error 8:Undefined variable: ac
[Mon, 15 Aug 2016 18:07:12 +0200] Error 8:Undefined variable: ac
[Mon, 15 Aug 2016 18:09:29 +0200] Error 8:Undefined index: n0me
[Mon, 15 Aug 2016 18:09:29 +0200] Error 8:Undefined variable: ac
[Mon, 15 Aug 2016 18:09:29 +0200] Error 8:Undefined variable: ac
[Mon, 15 Aug 2016 18:09:29 +0200] Error 8:Undefined variable: ac
[Mon, 15 Aug 2016 18:09:29 +0200] Error 8:Undefined variable: ac
[Mon, 15 Aug 2016 18:11:40 +0200] Error 8:Undefined index: n0me
[Mon, 15 Aug 2016 18:11:40 +0200] Error 8:Undefined variable: ac
[Mon, 15 Aug 2016 18:11:40 +0200] Error 8:Undefined variable: ac
[Mon, 15 Aug 2016 18:11:40 +0200] Error 8:Undefined variable: ac
[Mon, 15 Aug 2016 18:11:40 +0200] Error 8:Undefined variable: ac
[Mon, 15 Aug 2016 18:12:04 +0200] Error 8:Undefined index: n0me
[Mon, 15 Aug 2016 18:12:04 +0200] Error 8:Undefined variable: ac
[Mon, 15 Aug 2016 18:12:04 +0200] Error 8:Undefined variable: ac
[Mon, 15 Aug 2016 18:12:04 +0200] Error 8:Undefined variable: ac
[Mon, 15 Aug 2016 18:12:04 +0200] Error 8:Undefined variable: ac
[Mon, 15 Aug 2016 18:13:13 +0200] Error 8:Undefined index: name
[Mon, 15 Aug 2016 18:13:13 +0200] Error 8:Undefined variable: ac
[Mon, 15 Aug 2016 18:13:13 +0200] Error 8:Undefined variable: ac
[Mon, 15 Aug 2016 18:13:13 +0200] Error 8:Undefined variable: ac
[Mon, 15 Aug 2016 18:13:13 +0200] Error 8:Undefined variable: ac
[Mon, 15 Aug 2016 18:13:17 +0200] Error 8:Undefined index: name
[Mon, 15 Aug 2016 18:13:17 +0200] Error 8:Undefined variable: ac
[Mon, 15 Aug 2016 18:13:17 +0200] Error 8:Undefined variable: ac
[Mon, 15 Aug 2016 18:13:17 +0200] Error 8:Undefined variable: ac
[Mon, 15 Aug 2016 18:13:17 +0200] Error 8:Undefined variable: ac
[Mon, 15 Aug 2016 18:13:19 +0200] Error 8:Undefined index: name
[Mon, 15 Aug 2016 18:13:19 +0200] Error 8:Undefined variable: ac
[Mon, 15 Aug 2016 18:13:19 +0200] Error 8:Undefined variable: ac
[Mon, 15 Aug 2016 18:13:19 +0200] Error 8:Undefined variable: ac
[Mon, 15 Aug 2016 18:13:19 +0200] Error 8:Undefined variable: ac
[Mon, 15 Aug 2016 18:13:20 +0200] Error 8:Undefined index: name
[Mon, 15 Aug 2016 18:13:20 +0200] Error 8:Undefined variable: ac
[Mon, 15 Aug 2016 18:13:20 +0200] Error 8:Undefined variable: ac
[Mon, 15 Aug 2016 18:13:20 +0200] Error 8:Undefined variable: ac
[Mon, 15 Aug 2016 18:13:20 +0200] Error 8:Undefined variable: ac
[Mon, 15 Aug 2016 18:13:56 +0200] Error 8:Undefined variable: ac
[Mon, 15 Aug 2016 18:13:56 +0200] Error 8:Undefined variable: ac
[Mon, 15 Aug 2016 18:13:56 +0200] Error 8:Undefined variable: ac
[Mon, 15 Aug 2016 18:13:56 +0200] Error 8:Undefined variable: ac
[Mon, 15 Aug 2016 18:14:03 +0200] Error 8:Undefined index: name
[Mon, 15 Aug 2016 18:14:03 +0200] Error 8:Undefined variable: ac
[Mon, 15 Aug 2016 18:14:03 +0200] Error 8:Undefined variable: ac
[Mon, 15 Aug 2016 18:14:03 +0200] Error 8:Undefined variable: ac
[Mon, 15 Aug 2016 18:14:03 +0200] Error 8:Undefined variable: ac
[Mon, 15 Aug 2016 18:17:08 +0200] Error 8:Undefined variable: ac
[Mon, 15 Aug 2016 18:17:08 +0200] Error 8:Undefined variable: ac
[Mon, 15 Aug 2016 18:17:08 +0200] Error 8:Undefined variable: ac
[Mon, 15 Aug 2016 18:17:08 +0200] Error 8:Undefined variable: ac
[Mon, 15 Aug 2016 18:18:05 +0200] Error 8:Undefined variable: ac
[Mon, 15 Aug 2016 18:18:05 +0200] Error 8:Undefined variable: ac
[Mon, 15 Aug 2016 18:18:05 +0200] Error 8:Undefined variable: ac
[Mon, 15 Aug 2016 18:18:05 +0200] Error 8:Undefined variable: ac
[Mon, 15 Aug 2016 18:20:14 +0200] Error 8:Undefined variable: ac
[Mon, 15 Aug 2016 18:20:14 +0200] Error 8:Undefined variable: ac
[Mon, 15 Aug 2016 18:20:14 +0200] Error 8:Undefined variable: ac
[Mon, 15 Aug 2016 18:20:14 +0200] Error 8:Undefined variable: ac
[Mon, 15 Aug 2016 18:23:20 +0200] Error 8:Undefined variable: ac
[Mon, 15 Aug 2016 18:23:20 +0200] Error 8:Undefined variable: ac
[Mon, 15 Aug 2016 18:23:20 +0200] Error 8:Undefined variable: ac
[Mon, 15 Aug 2016 18:23:20 +0200] Error 8:Undefined variable: ac
[Mon, 15 Aug 2016 21:42:22 +0200] Error 2:require_once(vistas/acl/con_ac.php): failed to open stream: No such file or directory
[Mon, 15 Aug 2016 21:42:57 +0200] Error 2:require_once(vistas/acl/initacces.php): failed to open stream: No such file or directory
[Mon, 15 Aug 2016 21:43:27 +0200] Error 8:Undefined variable: ac
[Mon, 15 Aug 2016 21:43:27 +0200] Error 8:Undefined variable: ac
[Mon, 15 Aug 2016 21:43:27 +0200] Error 8:Undefined variable: ac
[Mon, 15 Aug 2016 21:43:27 +0200] Error 8:Undefined variable: ac
[Mon, 15 Aug 2016 21:43:37 +0200] Error 8:Undefined variable: ac
[Mon, 15 Aug 2016 21:43:37 +0200] Error 8:Undefined variable: ac
[Mon, 15 Aug 2016 21:43:37 +0200] Error 8:Undefined variable: ac
[Mon, 15 Aug 2016 21:43:37 +0200] Error 8:Undefined variable: ac
[Mon, 15 Aug 2016 21:43:52 +0200] Error 8:Undefined variable: ac
[Mon, 15 Aug 2016 21:43:52 +0200] Error 8:Undefined variable: ac
[Mon, 15 Aug 2016 21:43:52 +0200] Error 8:Undefined variable: ac
[Mon, 15 Aug 2016 21:43:52 +0200] Error 8:Undefined variable: ac
[Mon, 15 Aug 2016 21:48:04 +0200] Error 8:Undefined variable: ac
[Mon, 15 Aug 2016 21:48:04 +0200] Error 8:Undefined variable: ac
[Mon, 15 Aug 2016 21:48:04 +0200] Error 8:Undefined variable: ac
[Mon, 15 Aug 2016 21:48:04 +0200] Error 8:Undefined variable: ac
[Mon, 15 Aug 2016 21:48:37 +0200] Error 8:Undefined variable: ac
[Mon, 15 Aug 2016 21:48:37 +0200] Error 8:Undefined variable: ac
[Mon, 15 Aug 2016 21:48:37 +0200] Error 8:Undefined variable: ac
[Mon, 15 Aug 2016 21:48:37 +0200] Error 8:Undefined variable: ac
[Mon, 15 Aug 2016 21:50:49 +0200] Error 8:Undefined variable: ac
[Mon, 15 Aug 2016 21:50:49 +0200] Error 8:Undefined variable: ac
[Mon, 15 Aug 2016 21:50:49 +0200] Error 8:Undefined variable: ac
[Mon, 15 Aug 2016 21:50:49 +0200] Error 8:Undefined variable: ac
[Mon, 15 Aug 2016 21:51:25 +0200] Error 8:Undefined variable: ac
[Mon, 15 Aug 2016 21:51:25 +0200] Error 8:Undefined variable: ac
[Mon, 15 Aug 2016 21:51:25 +0200] Error 8:Undefined variable: ac
[Mon, 15 Aug 2016 21:51:25 +0200] Error 8:Undefined variable: ac
[Mon, 15 Aug 2016 21:51:28 +0200] Error 8:Undefined variable: ac
[Mon, 15 Aug 2016 21:51:28 +0200] Error 8:Undefined variable: ac
[Mon, 15 Aug 2016 21:51:28 +0200] Error 8:Undefined variable: ac
[Mon, 15 Aug 2016 21:51:28 +0200] Error 8:Undefined variable: ac
[Mon, 15 Aug 2016 21:51:30 +0200] Error 8:Undefined variable: ac
[Mon, 15 Aug 2016 21:51:30 +0200] Error 8:Undefined variable: ac
[Mon, 15 Aug 2016 21:51:30 +0200] Error 8:Undefined variable: ac
[Mon, 15 Aug 2016 21:51:30 +0200] Error 8:Undefined variable: ac
[Mon, 15 Aug 2016 21:51:30 +0200] Error 8:Undefined variable: ac
[Mon, 15 Aug 2016 21:51:30 +0200] Error 8:Undefined variable: ac
[Mon, 15 Aug 2016 21:51:30 +0200] Error 8:Undefined variable: ac
[Mon, 15 Aug 2016 21:51:30 +0200] Error 8:Undefined variable: ac
[Mon, 15 Aug 2016 21:51:30 +0200] Error 8:Undefined variable: ac
[Mon, 15 Aug 2016 21:51:30 +0200] Error 8:Undefined variable: ac
[Mon, 15 Aug 2016 21:51:30 +0200] Error 8:Undefined variable: ac
[Mon, 15 Aug 2016 21:51:30 +0200] Error 8:Undefined variable: ac
[Mon, 15 Aug 2016 21:51:31 +0200] Error 8:Undefined variable: ac
[Mon, 15 Aug 2016 21:51:31 +0200] Error 8:Undefined variable: ac
[Mon, 15 Aug 2016 21:51:31 +0200] Error 8:Undefined variable: ac
[Mon, 15 Aug 2016 21:51:31 +0200] Error 8:Undefined variable: ac
[Mon, 15 Aug 2016 21:51:31 +0200] Error 8:Undefined variable: ac
[Mon, 15 Aug 2016 21:51:31 +0200] Error 8:Undefined variable: ac
[Mon, 15 Aug 2016 21:51:31 +0200] Error 8:Undefined variable: ac
[Mon, 15 Aug 2016 21:51:31 +0200] Error 8:Undefined variable: ac
[Mon, 15 Aug 2016 21:51:48 +0200] Error 8:Undefined variable: ac
[Mon, 15 Aug 2016 21:51:48 +0200] Error 8:Undefined variable: ac
[Mon, 15 Aug 2016 21:51:48 +0200] Error 8:Undefined variable: ac
[Mon, 15 Aug 2016 21:51:48 +0200] Error 8:Undefined variable: ac
[Mon, 15 Aug 2016 21:53:29 +0200] Error 8:Undefined variable: ac
[Mon, 15 Aug 2016 21:53:29 +0200] Error 8:Undefined variable: ac
[Mon, 15 Aug 2016 21:53:29 +0200] Error 8:Undefined variable: ac
[Mon, 15 Aug 2016 21:53:29 +0200] Error 8:Undefined variable: ac
[Mon, 15 Aug 2016 21:55:02 +0200] Error 8:Undefined variable: ac
[Mon, 15 Aug 2016 21:55:02 +0200] Error 8:Undefined variable: ac
[Mon, 15 Aug 2016 21:55:02 +0200] Error 8:Undefined variable: ac
[Mon, 15 Aug 2016 21:55:02 +0200] Error 8:Undefined variable: ac
[Mon, 15 Aug 2016 21:56:42 +0200] Error 8:Undefined variable: ac
[Mon, 15 Aug 2016 21:56:42 +0200] Error 8:Undefined variable: ac
[Mon, 15 Aug 2016 21:56:42 +0200] Error 8:Undefined variable: ac
[Mon, 15 Aug 2016 21:56:42 +0200] Error 8:Undefined variable: ac
[Mon, 15 Aug 2016 21:58:21 +0200] Error 8:Undefined variable: ac
[Mon, 15 Aug 2016 21:58:21 +0200] Error 8:Undefined variable: ac
[Mon, 15 Aug 2016 21:58:21 +0200] Error 8:Undefined variable: ac
[Mon, 15 Aug 2016 21:58:21 +0200] Error 8:Undefined variable: ac
[Mon, 15 Aug 2016 21:59:58 +0200] Error 8:Undefined variable: ac
[Mon, 15 Aug 2016 21:59:58 +0200] Error 8:Undefined variable: ac
[Mon, 15 Aug 2016 21:59:58 +0200] Error 8:Undefined variable: ac
[Mon, 15 Aug 2016 21:59:58 +0200] Error 8:Undefined variable: ac
[Mon, 15 Aug 2016 22:00:13 +0200] Error 8:Undefined variable: ac
[Mon, 15 Aug 2016 22:00:13 +0200] Error 8:Undefined variable: ac
[Mon, 15 Aug 2016 22:00:13 +0200] Error 8:Undefined variable: ac
[Mon, 15 Aug 2016 22:00:13 +0200] Error 8:Undefined variable: ac
[Mon, 15 Aug 2016 22:01:15 +0200] Error 8:Undefined variable: ac
[Mon, 15 Aug 2016 22:01:15 +0200] Error 8:Undefined variable: ac
[Mon, 15 Aug 2016 22:01:15 +0200] Error 8:Undefined variable: ac
[Mon, 15 Aug 2016 22:01:15 +0200] Error 8:Undefined variable: ac
[Mon, 15 Aug 2016 22:02:31 +0200] Error 8:Undefined variable: ac
[Mon, 15 Aug 2016 22:02:31 +0200] Error 8:Undefined variable: ac
[Mon, 15 Aug 2016 22:02:31 +0200] Error 8:Undefined variable: ac
[Mon, 15 Aug 2016 22:02:31 +0200] Error 8:Undefined variable: ac
[Mon, 15 Aug 2016 22:02:44 +0200] Error 8:Undefined variable: ac
[Mon, 15 Aug 2016 22:02:44 +0200] Error 8:Undefined variable: ac
[Mon, 15 Aug 2016 22:02:44 +0200] Error 8:Undefined variable: ac
[Mon, 15 Aug 2016 22:02:44 +0200] Error 8:Undefined variable: ac
[Mon, 15 Aug 2016 22:03:16 +0200] Error 8:Undefined variable: ac
[Mon, 15 Aug 2016 22:03:16 +0200] Error 8:Undefined variable: ac
[Mon, 15 Aug 2016 22:03:16 +0200] Error 8:Undefined variable: ac
[Mon, 15 Aug 2016 22:03:16 +0200] Error 8:Undefined variable: ac
[Mon, 15 Aug 2016 22:04:12 +0200] Error 8:Undefined variable: ac
[Mon, 15 Aug 2016 22:04:12 +0200] Error 8:Undefined variable: ac
[Mon, 15 Aug 2016 22:04:12 +0200] Error 8:Undefined variable: ac
[Mon, 15 Aug 2016 22:04:12 +0200] Error 8:Undefined variable: ac
[Mon, 15 Aug 2016 22:04:34 +0200] Error 8:Undefined variable: ac
[Mon, 15 Aug 2016 22:04:34 +0200] Error 8:Undefined variable: ac
[Mon, 15 Aug 2016 22:04:34 +0200] Error 8:Undefined variable: ac
[Mon, 15 Aug 2016 22:04:34 +0200] Error 8:Undefined variable: ac
[Mon, 15 Aug 2016 22:05:48 +0200] Error 8:Undefined variable: ac
[Mon, 15 Aug 2016 22:05:48 +0200] Error 8:Undefined variable: ac
[Mon, 15 Aug 2016 22:05:48 +0200] Error 8:Undefined variable: ac
[Mon, 15 Aug 2016 22:05:48 +0200] Error 8:Undefined variable: ac
[Mon, 15 Aug 2016 22:05:55 +0200] Error 8:Undefined variable: ac
[Mon, 15 Aug 2016 22:05:55 +0200] Error 8:Undefined variable: ac
[Mon, 15 Aug 2016 22:05:55 +0200] Error 8:Undefined variable: ac
[Mon, 15 Aug 2016 22:05:55 +0200] Error 8:Undefined variable: ac
[Mon, 15 Aug 2016 22:06:39 +0200] Error 8:Undefined variable: ac
[Mon, 15 Aug 2016 22:06:39 +0200] Error 8:Undefined variable: ac
[Mon, 15 Aug 2016 22:06:39 +0200] Error 8:Undefined variable: ac
[Mon, 15 Aug 2016 22:06:39 +0200] Error 8:Undefined variable: ac
[Mon, 15 Aug 2016 22:07:02 +0200] Error 8:Undefined variable: ac
[Mon, 15 Aug 2016 22:07:02 +0200] Error 8:Undefined variable: ac
[Mon, 15 Aug 2016 22:07:02 +0200] Error 8:Undefined variable: ac
[Mon, 15 Aug 2016 22:07:02 +0200] Error 8:Undefined variable: ac
[Mon, 15 Aug 2016 22:13:25 +0200] Error 8:Undefined variable: ac
[Mon, 15 Aug 2016 22:13:25 +0200] Error 8:Undefined variable: ac
[Mon, 15 Aug 2016 22:13:25 +0200] Error 8:Undefined variable: ac
[Mon, 15 Aug 2016 22:13:25 +0200] Error 8:Undefined variable: ac
[Mon, 15 Aug 2016 22:13:32 +0200] Error 8:Undefined variable: ac
[Mon, 15 Aug 2016 22:13:32 +0200] Error 8:Undefined variable: ac
[Mon, 15 Aug 2016 22:13:32 +0200] Error 8:Undefined variable: ac
[Mon, 15 Aug 2016 22:13:32 +0200] Error 8:Undefined variable: ac
[Mon, 15 Aug 2016 22:13:49 +0200] Error 8:Undefined variable: ac
[Mon, 15 Aug 2016 22:13:49 +0200] Error 8:Undefined variable: ac
[Mon, 15 Aug 2016 22:13:49 +0200] Error 8:Undefined variable: ac
[Mon, 15 Aug 2016 22:13:49 +0200] Error 8:Undefined variable: ac
[Mon, 15 Aug 2016 22:14:12 +0200] Error 8:Undefined variable: ac
[Mon, 15 Aug 2016 22:14:12 +0200] Error 8:Undefined variable: ac
[Mon, 15 Aug 2016 22:14:12 +0200] Error 8:Undefined variable: ac
[Mon, 15 Aug 2016 22:14:12 +0200] Error 8:Undefined variable: ac
[Mon, 15 Aug 2016 22:14:13 +0200] Error 8:Undefined variable: ac
[Mon, 15 Aug 2016 22:14:13 +0200] Error 8:Undefined variable: ac
[Mon, 15 Aug 2016 22:14:13 +0200] Error 8:Undefined variable: ac
[Mon, 15 Aug 2016 22:14:13 +0200] Error 8:Undefined variable: ac
[Mon, 15 Aug 2016 22:14:14 +0200] Error 8:Undefined variable: ac
[Mon, 15 Aug 2016 22:14:14 +0200] Error 8:Undefined variable: ac
[Mon, 15 Aug 2016 22:14:14 +0200] Error 8:Undefined variable: ac
[Mon, 15 Aug 2016 22:14:14 +0200] Error 8:Undefined variable: ac
[Mon, 15 Aug 2016 22:14:14 +0200] Error 8:Undefined variable: ac
[Mon, 15 Aug 2016 22:14:14 +0200] Error 8:Undefined variable: ac
[Mon, 15 Aug 2016 22:14:14 +0200] Error 8:Undefined variable: ac
[Mon, 15 Aug 2016 22:14:14 +0200] Error 8:Undefined variable: ac
[Mon, 15 Aug 2016 22:14:14 +0200] Error 8:Undefined variable: ac
[Mon, 15 Aug 2016 22:14:14 +0200] Error 8:Undefined variable: ac
[Mon, 15 Aug 2016 22:14:14 +0200] Error 8:Undefined variable: ac
[Mon, 15 Aug 2016 22:14:14 +0200] Error 8:Undefined variable: ac
[Mon, 15 Aug 2016 22:14:15 +0200] Error 8:Undefined variable: ac
[Mon, 15 Aug 2016 22:14:15 +0200] Error 8:Undefined variable: ac
[Mon, 15 Aug 2016 22:14:15 +0200] Error 8:Undefined variable: ac
[Mon, 15 Aug 2016 22:14:15 +0200] Error 8:Undefined variable: ac
[Mon, 15 Aug 2016 22:14:15 +0200] Error 8:Undefined variable: ac
[Mon, 15 Aug 2016 22:14:15 +0200] Error 8:Undefined variable: ac
[Mon, 15 Aug 2016 22:14:15 +0200] Error 8:Undefined variable: ac
[Mon, 15 Aug 2016 22:14:15 +0200] Error 8:Undefined variable: ac
[Mon, 15 Aug 2016 22:14:15 +0200] Error 8:Undefined variable: ac
[Mon, 15 Aug 2016 22:14:15 +0200] Error 8:Undefined variable: ac
[Mon, 15 Aug 2016 22:14:15 +0200] Error 8:Undefined variable: ac
[Mon, 15 Aug 2016 22:14:15 +0200] Error 8:Undefined variable: ac
[Mon, 15 Aug 2016 22:14:15 +0200] Error 8:Undefined variable: ac
[Mon, 15 Aug 2016 22:14:15 +0200] Error 8:Undefined variable: ac
[Mon, 15 Aug 2016 22:14:15 +0200] Error 8:Undefined variable: ac
[Mon, 15 Aug 2016 22:14:15 +0200] Error 8:Undefined variable: ac
[Mon, 15 Aug 2016 22:14:15 +0200] Error 8:Undefined variable: ac
[Mon, 15 Aug 2016 22:14:15 +0200] Error 8:Undefined variable: ac
[Mon, 15 Aug 2016 22:14:15 +0200] Error 8:Undefined variable: ac
[Mon, 15 Aug 2016 22:14:15 +0200] Error 8:Undefined variable: ac
[Mon, 15 Aug 2016 22:14:20 +0200] Error 8:Undefined variable: ac
[Mon, 15 Aug 2016 22:14:20 +0200] Error 8:Undefined variable: ac
[Mon, 15 Aug 2016 22:14:20 +0200] Error 8:Undefined variable: ac
[Mon, 15 Aug 2016 22:14:20 +0200] Error 8:Undefined variable: ac
[Mon, 15 Aug 2016 22:16:38 +0200] Error 8:Undefined variable: ac
[Mon, 15 Aug 2016 22:16:38 +0200] Error 8:Undefined variable: ac
[Mon, 15 Aug 2016 22:16:38 +0200] Error 8:Undefined variable: ac
[Mon, 15 Aug 2016 22:16:38 +0200] Error 8:Undefined variable: ac
[Mon, 15 Aug 2016 22:18:27 +0200] Error 8:Undefined variable: ac
[Mon, 15 Aug 2016 22:18:27 +0200] Error 8:Undefined variable: ac
[Mon, 15 Aug 2016 22:18:27 +0200] Error 8:Undefined variable: ac
[Mon, 15 Aug 2016 22:18:27 +0200] Error 8:Undefined variable: ac
[Mon, 15 Aug 2016 22:19:08 +0200] Error 8:Undefined variable: ac
[Mon, 15 Aug 2016 22:19:08 +0200] Error 8:Undefined variable: ac
[Mon, 15 Aug 2016 22:19:08 +0200] Error 8:Undefined variable: ac
[Mon, 15 Aug 2016 22:19:08 +0200] Error 8:Undefined variable: ac
[Mon, 15 Aug 2016 22:19:17 +0200] Error 8:Undefined variable: ac
[Mon, 15 Aug 2016 22:19:17 +0200] Error 8:Undefined variable: ac
[Mon, 15 Aug 2016 22:19:17 +0200] Error 8:Undefined variable: ac
[Mon, 15 Aug 2016 22:19:17 +0200] Error 8:Undefined variable: ac
[Mon, 15 Aug 2016 22:19:37 +0200] Error 8:Undefined variable: ac
[Mon, 15 Aug 2016 22:19:37 +0200] Error 8:Undefined variable: ac
[Mon, 15 Aug 2016 22:19:37 +0200] Error 8:Undefined variable: ac
[Mon, 15 Aug 2016 22:19:37 +0200] Error 8:Undefined variable: ac
[Mon, 15 Aug 2016 22:19:52 +0200] Error 8:Undefined variable: ac
[Mon, 15 Aug 2016 22:19:52 +0200] Error 8:Undefined variable: ac
[Mon, 15 Aug 2016 22:19:52 +0200] Error 8:Undefined variable: ac
[Mon, 15 Aug 2016 22:19:52 +0200] Error 8:Undefined variable: ac
[Mon, 15 Aug 2016 22:20:07 +0200] Error 8:Undefined variable: ac
[Mon, 15 Aug 2016 22:20:07 +0200] Error 8:Undefined variable: ac
[Mon, 15 Aug 2016 22:20:07 +0200] Error 8:Undefined variable: ac
[Mon, 15 Aug 2016 22:20:07 +0200] Error 8:Undefined variable: ac
[Tue, 16 Aug 2016 21:43:03 +0200] Error 8:Undefined index: user
[Tue, 16 Aug 2016 21:43:04 +0200] Error 8:Undefined index: user
[Tue, 16 Aug 2016 21:43:05 +0200] Error 8:Undefined index: user
[Tue, 16 Aug 2016 21:43:06 +0200] Error 8:Undefined index: user
[Tue, 16 Aug 2016 21:43:07 +0200] Error 8:Undefined index: user
[Tue, 16 Aug 2016 21:43:30 +0200] Error 8:Undefined index: user
[Wed, 17 Aug 2016 17:59:31 +0200] Error 8:Undefined variable: ac
[Wed, 17 Aug 2016 17:59:31 +0200] Error 8:Undefined variable: ac
[Wed, 17 Aug 2016 17:59:31 +0200] Error 8:Undefined variable: ac
[Wed, 17 Aug 2016 17:59:31 +0200] Error 8:Undefined variable: ac
[Wed, 17 Aug 2016 18:18:19 +0200] Error 8:Undefined variable: ac
[Wed, 17 Aug 2016 18:18:19 +0200] Error 8:Undefined variable: ac
[Wed, 17 Aug 2016 18:18:19 +0200] Error 8:Undefined variable: ac
[Wed, 17 Aug 2016 18:18:19 +0200] Error 8:Undefined variable: ac
[Wed, 17 Aug 2016 18:18:22 +0200] Error 8:Undefined variable: ac
[Wed, 17 Aug 2016 18:18:22 +0200] Error 8:Undefined variable: ac
[Wed, 17 Aug 2016 18:18:22 +0200] Error 8:Undefined variable: ac
[Wed, 17 Aug 2016 18:18:22 +0200] Error 8:Undefined variable: ac
[Wed, 17 Aug 2016 18:24:30 +0200] Error 8:Undefined variable: ac
[Wed, 17 Aug 2016 18:24:30 +0200] Error 8:Undefined variable: ac
[Wed, 17 Aug 2016 18:24:30 +0200] Error 8:Undefined variable: ac
[Wed, 17 Aug 2016 18:24:30 +0200] Error 8:Undefined variable: ac
[Wed, 17 Aug 2016 18:33:27 +0200] Error 8:Undefined variable: ac
[Wed, 17 Aug 2016 18:33:27 +0200] Error 8:Undefined variable: ac
[Wed, 17 Aug 2016 18:33:27 +0200] Error 8:Undefined variable: ac
[Wed, 17 Aug 2016 18:33:27 +0200] Error 8:Undefined variable: ac
[Wed, 17 Aug 2016 18:37:18 +0200] Error 8:Undefined variable: ac
[Wed, 17 Aug 2016 18:37:18 +0200] Error 8:Undefined variable: ac
[Wed, 17 Aug 2016 18:37:18 +0200] Error 8:Undefined variable: ac
[Wed, 17 Aug 2016 18:37:18 +0200] Error 8:Undefined variable: ac
[Wed, 17 Aug 2016 18:39:50 +0200] Error 8:Undefined variable: ac
[Wed, 17 Aug 2016 18:39:50 +0200] Error 8:Undefined variable: ac
[Wed, 17 Aug 2016 18:39:50 +0200] Error 8:Undefined variable: ac
[Wed, 17 Aug 2016 18:39:50 +0200] Error 8:Undefined variable: ac
[Wed, 17 Aug 2016 18:41:21 +0200] Error 8:Undefined variable: ac
[Wed, 17 Aug 2016 18:41:21 +0200] Error 8:Undefined variable: ac
[Wed, 17 Aug 2016 18:41:21 +0200] Error 8:Undefined variable: ac
[Wed, 17 Aug 2016 18:41:21 +0200] Error 8:Undefined variable: ac
[Wed, 17 Aug 2016 18:54:36 +0200] Error 8:Undefined variable: ac
[Wed, 17 Aug 2016 18:54:36 +0200] Error 8:Undefined variable: ac
[Wed, 17 Aug 2016 18:54:36 +0200] Error 8:Undefined variable: ac
[Wed, 17 Aug 2016 18:54:36 +0200] Error 8:Undefined variable: ac
[Wed, 17 Aug 2016 18:55:04 +0200] Error 8:Undefined variable: ac
[Wed, 17 Aug 2016 18:55:04 +0200] Error 8:Undefined variable: ac
[Wed, 17 Aug 2016 18:55:04 +0200] Error 8:Undefined variable: ac
[Wed, 17 Aug 2016 18:55:04 +0200] Error 8:Undefined variable: ac
[Wed, 17 Aug 2016 18:58:19 +0200] Error 8:Undefined variable: ac
[Wed, 17 Aug 2016 18:58:19 +0200] Error 8:Undefined variable: ac
[Wed, 17 Aug 2016 18:58:19 +0200] Error 8:Undefined variable: ac
[Wed, 17 Aug 2016 18:58:19 +0200] Error 8:Undefined variable: ac
[Wed, 17 Aug 2016 18:58:21 +0200] Error 8:Undefined variable: ac
[Wed, 17 Aug 2016 18:58:21 +0200] Error 8:Undefined variable: ac
[Wed, 17 Aug 2016 18:58:21 +0200] Error 8:Undefined variable: ac
[Wed, 17 Aug 2016 18:58:21 +0200] Error 8:Undefined variable: ac
[Wed, 17 Aug 2016 18:58:23 +0200] Error 8:Undefined variable: ac
[Wed, 17 Aug 2016 18:58:23 +0200] Error 8:Undefined variable: ac
[Wed, 17 Aug 2016 18:58:23 +0200] Error 8:Undefined variable: ac
[Wed, 17 Aug 2016 18:58:23 +0200] Error 8:Undefined variable: ac
[Wed, 17 Aug 2016 18:59:53 +0200] Error 8:Undefined variable: ac
[Wed, 17 Aug 2016 18:59:53 +0200] Error 8:Undefined variable: ac
[Wed, 17 Aug 2016 18:59:53 +0200] Error 8:Undefined variable: ac
[Wed, 17 Aug 2016 18:59:53 +0200] Error 8:Undefined variable: ac
[Wed, 17 Aug 2016 19:05:54 +0200] Error 8:Undefined variable: ac
[Wed, 17 Aug 2016 19:05:54 +0200] Error 8:Undefined variable: ac
[Wed, 17 Aug 2016 19:05:54 +0200] Error 8:Undefined variable: ac
[Wed, 17 Aug 2016 19:05:54 +0200] Error 8:Undefined variable: ac
[Wed, 17 Aug 2016 19:07:49 +0200] Error 8:Undefined variable: ac
[Wed, 17 Aug 2016 19:07:49 +0200] Error 8:Undefined variable: ac
[Wed, 17 Aug 2016 19:07:49 +0200] Error 8:Undefined variable: ac
[Wed, 17 Aug 2016 19:07:49 +0200] Error 8:Undefined variable: ac
[Wed, 17 Aug 2016 19:08:39 +0200] Error 8:Undefined variable: ac
[Wed, 17 Aug 2016 19:08:39 +0200] Error 8:Undefined variable: ac
[Wed, 17 Aug 2016 19:08:39 +0200] Error 8:Undefined variable: ac
[Wed, 17 Aug 2016 19:08:39 +0200] Error 8:Undefined variable: ac
[Wed, 17 Aug 2016 19:11:54 +0200] Error 8:Undefined variable: ac
[Wed, 17 Aug 2016 19:11:54 +0200] Error 8:Undefined variable: ac
[Wed, 17 Aug 2016 19:11:54 +0200] Error 8:Undefined variable: ac
[Wed, 17 Aug 2016 19:11:54 +0200] Error 8:Undefined variable: ac
[Wed, 17 Aug 2016 19:12:40 +0200] Error 8:Undefined variable: ac
[Wed, 17 Aug 2016 19:12:40 +0200] Error 8:Undefined variable: ac
[Wed, 17 Aug 2016 19:12:40 +0200] Error 8:Undefined variable: ac
[Wed, 17 Aug 2016 19:12:40 +0200] Error 8:Undefined variable: ac
[Wed, 17 Aug 2016 19:14:26 +0200] Error 8:Undefined variable: ac
[Wed, 17 Aug 2016 19:14:26 +0200] Error 8:Undefined variable: ac
[Wed, 17 Aug 2016 19:14:26 +0200] Error 8:Undefined variable: ac
[Wed, 17 Aug 2016 19:14:26 +0200] Error 8:Undefined variable: ac
[Wed, 17 Aug 2016 19:14:27 +0200] Error 8:Undefined variable: ac
[Wed, 17 Aug 2016 19:14:27 +0200] Error 8:Undefined variable: ac
[Wed, 17 Aug 2016 19:14:27 +0200] Error 8:Undefined variable: ac
[Wed, 17 Aug 2016 19:14:27 +0200] Error 8:Undefined variable: ac
[Wed, 17 Aug 2016 19:14:29 +0200] Error 8:Undefined variable: ac
[Wed, 17 Aug 2016 19:14:29 +0200] Error 8:Undefined variable: ac
[Wed, 17 Aug 2016 19:14:29 +0200] Error 8:Undefined variable: ac
[Wed, 17 Aug 2016 19:14:29 +0200] Error 8:Undefined variable: ac
[Wed, 17 Aug 2016 19:16:39 +0200] Error 8:Undefined variable: ac
[Wed, 17 Aug 2016 19:16:39 +0200] Error 8:Undefined variable: ac
[Wed, 17 Aug 2016 19:16:39 +0200] Error 8:Undefined variable: ac
[Wed, 17 Aug 2016 19:16:39 +0200] Error 8:Undefined variable: ac
[Wed, 17 Aug 2016 19:18:55 +0200] Error 8:Undefined variable: ac
[Wed, 17 Aug 2016 19:18:55 +0200] Error 8:Undefined variable: ac
[Wed, 17 Aug 2016 19:18:55 +0200] Error 8:Undefined variable: ac
[Wed, 17 Aug 2016 19:18:55 +0200] Error 8:Undefined variable: ac
[Wed, 17 Aug 2016 19:20:25 +0200] Error 8:Undefined variable: ac
[Wed, 17 Aug 2016 19:20:25 +0200] Error 8:Undefined variable: ac
[Wed, 17 Aug 2016 19:20:25 +0200] Error 8:Undefined variable: ac
[Wed, 17 Aug 2016 19:20:25 +0200] Error 8:Undefined variable: ac
[Wed, 17 Aug 2016 19:21:49 +0200] Error 8:Undefined variable: ac
[Wed, 17 Aug 2016 19:21:49 +0200] Error 8:Undefined variable: ac
[Wed, 17 Aug 2016 19:21:49 +0200] Error 8:Undefined variable: ac
[Wed, 17 Aug 2016 19:21:49 +0200] Error 8:Undefined variable: ac
[Wed, 17 Aug 2016 19:22:26 +0200] Error 8:Undefined variable: ac
[Wed, 17 Aug 2016 19:22:26 +0200] Error 8:Undefined variable: ac
[Wed, 17 Aug 2016 19:22:26 +0200] Error 8:Undefined variable: ac
[Wed, 17 Aug 2016 19:22:26 +0200] Error 8:Undefined variable: ac
[Wed, 17 Aug 2016 19:23:07 +0200] Error 8:Undefined variable: ac
[Wed, 17 Aug 2016 19:23:07 +0200] Error 8:Undefined variable: ac
[Wed, 17 Aug 2016 19:23:07 +0200] Error 8:Undefined variable: ac
[Wed, 17 Aug 2016 19:23:07 +0200] Error 8:Undefined variable: ac
[Wed, 17 Aug 2016 19:25:12 +0200] Error 8:Undefined index: user
[Wed, 17 Aug 2016 20:38:33 +0200] Error 8:Undefined index: user
[Wed, 17 Aug 2016 20:39:40 +0200] Error 8:Undefined variable: ac
[Wed, 17 Aug 2016 20:39:40 +0200] Error 8:Undefined variable: ac
[Wed, 17 Aug 2016 20:39:40 +0200] Error 8:Undefined variable: ac
[Wed, 17 Aug 2016 20:39:40 +0200] Error 8:Undefined variable: ac
[Wed, 17 Aug 2016 20:40:04 +0200] Error 8:Undefined variable: ac
[Wed, 17 Aug 2016 20:40:04 +0200] Error 8:Undefined variable: ac
[Wed, 17 Aug 2016 20:40:04 +0200] Error 8:Undefined variable: ac
[Wed, 17 Aug 2016 20:40:04 +0200] Error 8:Undefined variable: ac
[Wed, 17 Aug 2016 20:40:20 +0200] Error 8:Undefined variable: ac
[Wed, 17 Aug 2016 20:40:20 +0200] Error 8:Undefined variable: ac
[Wed, 17 Aug 2016 20:40:20 +0200] Error 8:Undefined variable: ac
[Wed, 17 Aug 2016 20:40:20 +0200] Error 8:Undefined variable: ac
[Wed, 17 Aug 2016 20:42:43 +0200] Error 8:Undefined variable: ac
[Wed, 17 Aug 2016 20:42:43 +0200] Error 8:Undefined variable: ac
[Wed, 17 Aug 2016 20:42:43 +0200] Error 8:Undefined variable: ac
[Wed, 17 Aug 2016 20:42:43 +0200] Error 8:Undefined variable: ac
[Wed, 17 Aug 2016 20:44:25 +0200] Error 8:Undefined variable: ac
[Wed, 17 Aug 2016 20:44:25 +0200] Error 8:Undefined variable: ac
[Wed, 17 Aug 2016 20:44:25 +0200] Error 8:Undefined variable: ac
[Wed, 17 Aug 2016 20:44:25 +0200] Error 8:Undefined variable: ac
[Wed, 17 Aug 2016 20:45:34 +0200] Error 8:Undefined variable: ac
[Wed, 17 Aug 2016 20:45:34 +0200] Error 8:Undefined variable: ac
[Wed, 17 Aug 2016 20:45:34 +0200] Error 8:Undefined variable: ac
[Wed, 17 Aug 2016 20:45:34 +0200] Error 8:Undefined variable: ac
[Wed, 17 Aug 2016 20:52:59 +0200] Error 8:Undefined variable: ac
[Wed, 17 Aug 2016 20:52:59 +0200] Error 8:Undefined variable: ac
[Wed, 17 Aug 2016 20:52:59 +0200] Error 8:Undefined variable: ac
[Wed, 17 Aug 2016 20:52:59 +0200] Error 8:Undefined variable: ac
[Wed, 17 Aug 2016 21:55:50 +0200] Error 2:require_once(vistas/acl/con_ac.php): failed to open stream: No such file or directory
[Wed, 17 Aug 2016 21:56:03 +0200] Error 8:Undefined variable: ac
[Wed, 17 Aug 2016 21:56:03 +0200] Error 8:Undefined variable: ac
[Wed, 17 Aug 2016 21:56:03 +0200] Error 8:Undefined variable: ac
[Wed, 17 Aug 2016 21:56:03 +0200] Error 8:Undefined variable: ac
[Wed, 17 Aug 2016 21:57:30 +0200] Error 2:require_once(vistas/acl/con_ac.php): failed to open stream: No such file or directory
[Wed, 17 Aug 2016 21:58:21 +0200] Error 2:require_once(vistas/acl/initacces.php): failed to open stream: No such file or directory
[Wed, 17 Aug 2016 21:58:26 +0200] Error 8:Undefined variable: ac
[Wed, 17 Aug 2016 21:58:26 +0200] Error 8:Undefined variable: ac
[Wed, 17 Aug 2016 21:58:26 +0200] Error 8:Undefined variable: ac
[Wed, 17 Aug 2016 21:58:26 +0200] Error 8:Undefined variable: ac
[Wed, 17 Aug 2016 21:59:33 +0200] Error 8:Undefined variable: ac
[Wed, 17 Aug 2016 21:59:33 +0200] Error 8:Undefined variable: ac
[Wed, 17 Aug 2016 21:59:33 +0200] Error 8:Undefined variable: ac
[Wed, 17 Aug 2016 21:59:33 +0200] Error 8:Undefined variable: ac
[Wed, 17 Aug 2016 22:03:17 +0200] Error 8:Undefined variable: ac
[Wed, 17 Aug 2016 22:03:17 +0200] Error 8:Undefined variable: ac
[Wed, 17 Aug 2016 22:03:17 +0200] Error 8:Undefined variable: ac
[Wed, 17 Aug 2016 22:03:17 +0200] Error 8:Undefined variable: ac
[Wed, 17 Aug 2016 22:03:27 +0200] Error 8:Undefined variable: ac
[Wed, 17 Aug 2016 22:03:27 +0200] Error 8:Undefined variable: ac
[Wed, 17 Aug 2016 22:03:27 +0200] Error 8:Undefined variable: ac
[Wed, 17 Aug 2016 22:03:27 +0200] Error 8:Undefined variable: ac
[Wed, 17 Aug 2016 22:03:31 +0200] Error 8:Undefined variable: ac
[Wed, 17 Aug 2016 22:03:31 +0200] Error 8:Undefined variable: ac
[Wed, 17 Aug 2016 22:03:31 +0200] Error 8:Undefined variable: ac
[Wed, 17 Aug 2016 22:03:31 +0200] Error 8:Undefined variable: ac
[Thu, 18 Aug 2016 22:34:24 +0200] Error 2:include_once(php/modulos/menu.php): failed to open stream: No such file or directory
[Thu, 18 Aug 2016 22:34:24 +0200] Error 2:include_once(): Failed opening 'php/modulos/menu.php' for inclusion (include_path='.;E:\xampp\php\PEAR')
[Thu, 18 Aug 2016 22:34:24 +0200] Error 2:require_once(vistas/acl/con_ac.php): failed to open stream: No such file or directory
[Thu, 18 Aug 2016 22:34:31 +0200] Error 2:include_once(php/modulos/menu.php): failed to open stream: No such file or directory
[Thu, 18 Aug 2016 22:34:31 +0200] Error 2:include_once(): Failed opening 'php/modulos/menu.php' for inclusion (include_path='.;E:\xampp\php\PEAR')
[Thu, 18 Aug 2016 22:34:31 +0200] Error 2:require_once(vistas/acl/initacces.php): failed to open stream: No such file or directory
[Thu, 18 Aug 2016 22:34:38 +0200] Error 8:Undefined index: user
[Thu, 18 Aug 2016 22:34:40 +0200] Error 8:Undefined index: user
[Thu, 18 Aug 2016 22:34:47 +0200] Error 8:Undefined index: user
[Thu, 18 Aug 2016 22:34:50 +0200] Error 8:Undefined index: user
[Thu, 18 Aug 2016 22:35:00 +0200] Error 8:Undefined variable: ac
[Thu, 18 Aug 2016 22:35:01 +0200] Error 8:Undefined variable: ac
[Thu, 18 Aug 2016 22:35:01 +0200] Error 8:Undefined variable: ac
[Thu, 18 Aug 2016 22:35:01 +0200] Error 8:Undefined variable: ac
[Thu, 18 Aug 2016 22:35:05 +0200] Error 8:Undefined variable: ac
[Thu, 18 Aug 2016 22:35:05 +0200] Error 8:Undefined variable: ac
[Thu, 18 Aug 2016 22:35:05 +0200] Error 8:Undefined variable: ac
[Thu, 18 Aug 2016 22:35:05 +0200] Error 8:Undefined variable: ac
[Thu, 18 Aug 2016 22:36:21 +0200] Error 8:Undefined variable: ac
[Thu, 18 Aug 2016 22:36:21 +0200] Error 8:Undefined variable: ac
[Thu, 18 Aug 2016 22:36:21 +0200] Error 8:Undefined variable: ac
[Thu, 18 Aug 2016 22:36:21 +0200] Error 8:Undefined variable: ac
[Fri, 19 Aug 2016 18:47:32 +0200] Error 8:Undefined index: user
[Fri, 19 Aug 2016 19:38:57 +0200] Error 8:Undefined variable: ac
[Fri, 19 Aug 2016 19:38:57 +0200] Error 8:Undefined variable: ac
[Fri, 19 Aug 2016 19:38:57 +0200] Error 8:Undefined variable: ac
[Fri, 19 Aug 2016 19:38:57 +0200] Error 8:Undefined variable: ac
[Fri, 19 Aug 2016 21:25:09 +0200] Error 2:Invalid argument supplied for foreach()
[Fri, 19 Aug 2016 21:25:31 +0200] Error 2:Invalid argument supplied for foreach()
[Fri, 19 Aug 2016 21:55:48 +0200] Error 2:Invalid argument supplied for foreach()
[Fri, 19 Aug 2016 21:55:54 +0200] Error 2:Invalid argument supplied for foreach()
[Fri, 19 Aug 2016 21:57:39 +0200] Error 2:Invalid argument supplied for foreach()
[Fri, 19 Aug 2016 21:57:43 +0200] Error 2:Invalid argument supplied for foreach()
[Fri, 19 Aug 2016 21:59:01 +0200] Error 2:Invalid argument supplied for foreach()
[Fri, 19 Aug 2016 22:00:40 +0200] Error 2:Invalid argument supplied for foreach()
[Fri, 19 Aug 2016 22:03:12 +0200] Error 2:Invalid argument supplied for foreach()
[Fri, 19 Aug 2016 22:06:02 +0200] Error 2:Invalid argument supplied for foreach()
[Fri, 19 Aug 2016 22:08:20 +0200] Error 2:Invalid argument supplied for foreach()
[Fri, 19 Aug 2016 22:08:35 +0200] Error 2:Invalid argument supplied for foreach()
[Fri, 19 Aug 2016 22:11:44 +0200] Error 2:Invalid argument supplied for foreach()
[Fri, 19 Aug 2016 22:11:55 +0200] Error 2:Invalid argument supplied for foreach()
[Fri, 19 Aug 2016 22:12:11 +0200] Error 2:Invalid argument supplied for foreach()
[Fri, 19 Aug 2016 22:12:19 +0200] Error 2:Invalid argument supplied for foreach()
[Fri, 19 Aug 2016 22:12:56 +0200] Error 2:Invalid argument supplied for foreach()
[Fri, 19 Aug 2016 22:13:27 +0200] Error 2:Invalid argument supplied for foreach()
[Sun, 21 Aug 2016 19:52:20 +0200] Error 8:Undefined index: user
[Mon, 22 Aug 2016 15:57:42 +0200] Error 2:include_once(php/modulos/menu.php): failed to open stream: No such file or directory
[Mon, 22 Aug 2016 15:57:42 +0200] Error 2:include_once(): Failed opening 'php/modulos/menu.php' for inclusion (include_path='E:\xampp\php\PEAR')
[Mon, 22 Aug 2016 15:57:42 +0200] Error 2:require_once(vistas/acl/con_ac.php): failed to open stream: No such file or directory
[Mon, 22 Aug 2016 15:57:49 +0200] Error 2:include_once(php/modulos/menu.php): failed to open stream: No such file or directory
[Mon, 22 Aug 2016 15:57:49 +0200] Error 2:include_once(): Failed opening 'php/modulos/menu.php' for inclusion (include_path='E:\xampp\php\PEAR')
[Mon, 22 Aug 2016 15:57:49 +0200] Error 2:require_once(vistas/acl/initacces.php): failed to open stream: No such file or directory
[Mon, 22 Aug 2016 15:57:56 +0200] Error 8:Undefined index: user
[Mon, 22 Aug 2016 15:58:14 +0200] Error 8:Undefined variable: ac
[Mon, 22 Aug 2016 15:58:14 +0200] Error 8:Undefined variable: ac
[Mon, 22 Aug 2016 15:58:14 +0200] Error 8:Undefined variable: ac
[Mon, 22 Aug 2016 15:58:14 +0200] Error 8:Undefined variable: ac
[Mon, 22 Aug 2016 16:45:03 +0200] Error 8:Undefined variable: ac
[Mon, 22 Aug 2016 16:45:03 +0200] Error 8:Undefined variable: ac
[Mon, 22 Aug 2016 16:45:03 +0200] Error 8:Undefined variable: ac
[Mon, 22 Aug 2016 16:45:03 +0200] Error 8:Undefined variable: ac
[Mon, 22 Aug 2016 18:11:07 +0200] Error 8:Undefined index: user
[Mon, 22 Aug 2016 18:11:40 +0200] Error 8:Undefined index: user
[Mon, 22 Aug 2016 18:11:52 +0200] Error 8:Undefined index: user
[Mon, 22 Aug 2016 18:12:36 +0200] Error 8:Undefined index: user
[Mon, 22 Aug 2016 18:12:41 +0200] Error 8:Undefined index: user
[Mon, 22 Aug 2016 18:13:01 +0200] Error 8:Undefined index: user
[Mon, 22 Aug 2016 18:13:03 +0200] Error 8:Undefined index: user
[Mon, 22 Aug 2016 18:18:15 +0200] Error 8:Undefined index: user
[Mon, 22 Aug 2016 18:20:33 +0200] Error 8:Undefined index: user
[Mon, 22 Aug 2016 18:21:57 +0200] Error 8:Undefined index: user
[Mon, 22 Aug 2016 18:24:02 +0200] Error 8:Undefined index: user
[Mon, 22 Aug 2016 18:30:07 +0200] Error 8:Undefined index: user
[Mon, 22 Aug 2016 18:41:06 +0200] Error 8:Undefined index: user
[Mon, 22 Aug 2016 18:41:21 +0200] Error 8:Undefined index: user
[Mon, 22 Aug 2016 18:41:23 +0200] Error 8:Undefined index: user
[Mon, 22 Aug 2016 19:12:46 +0200] Error 8:Undefined index: user
[Mon, 22 Aug 2016 19:24:30 +0200] Error 8:Undefined index: user
[Mon, 22 Aug 2016 19:26:53 +0200] Error 8:Undefined index: user
[Mon, 22 Aug 2016 19:27:59 +0200] Error 8:Undefined index: user
[Mon, 22 Aug 2016 19:32:33 +0200] Error 8:Undefined index: user
[Mon, 22 Aug 2016 19:32:35 +0200] Error 8:Undefined index: user
[Mon, 22 Aug 2016 19:41:22 +0200] Error 8:Undefined index: user
[Mon, 22 Aug 2016 19:43:39 +0200] Error 8:Undefined index: user
[Mon, 22 Aug 2016 19:43:43 +0200] Error 8:Undefined index: user
[Mon, 22 Aug 2016 19:44:46 +0200] Error 8:Undefined index: user
[Mon, 22 Aug 2016 19:51:09 +0200] Error 8:Undefined index: user
[Mon, 22 Aug 2016 19:59:15 +0200] Error 8:Undefined index: user
[Mon, 22 Aug 2016 20:06:26 +0200] Error 8:Undefined index: user
[Mon, 22 Aug 2016 20:11:12 +0200] Error 8:Undefined index: user
[Mon, 22 Aug 2016 20:11:16 +0200] Error 8:Undefined index: user
[Mon, 22 Aug 2016 20:14:49 +0200] Error 8:Undefined index: user
[Mon, 22 Aug 2016 21:40:48 +0200] Error 8:Undefined index: user
[Mon, 22 Aug 2016 21:40:52 +0200] Error 8:Undefined index: user
[Mon, 22 Aug 2016 21:40:54 +0200] Error 8:Undefined index: user
[Mon, 22 Aug 2016 21:41:05 +0200] Error 8:Undefined index: user
[Mon, 22 Aug 2016 21:41:06 +0200] Error 8:Undefined index: user
[Mon, 22 Aug 2016 21:43:35 +0200] Error 8:Undefined index: user
[Mon, 22 Aug 2016 21:43:36 +0200] Error 8:Undefined index: user
[Mon, 22 Aug 2016 21:43:37 +0200] Error 8:Undefined index: user
[Mon, 22 Aug 2016 21:44:12 +0200] Error 8:Undefined index: user
[Mon, 22 Aug 2016 21:44:25 +0200] Error 8:Undefined index: user
[Mon, 22 Aug 2016 21:44:55 +0200] Error 8:Undefined index: user
[Mon, 22 Aug 2016 21:45:08 +0200] Error 8:Undefined index: user
[Mon, 22 Aug 2016 21:45:21 +0200] Error 8:Undefined index: user
[Mon, 22 Aug 2016 21:48:14 +0200] Error 8:Undefined index: user
[Mon, 22 Aug 2016 21:48:42 +0200] Error 8:Undefined index: user
[Mon, 22 Aug 2016 21:48:58 +0200] Error 8:Undefined index: user
[Mon, 22 Aug 2016 22:31:51 +0200] Error 8:Undefined index: user
[Mon, 22 Aug 2016 22:32:06 +0200] Error 8:Undefined index: user
[Mon, 22 Aug 2016 22:32:18 +0200] Error 8:Undefined index: user
[Mon, 22 Aug 2016 22:32:41 +0200] Error 8:Undefined index: user
[Mon, 22 Aug 2016 22:36:23 +0200] Error 8:Undefined index: user
[Mon, 22 Aug 2016 22:36:59 +0200] Error 8:Undefined index: user
[Mon, 22 Aug 2016 22:37:04 +0200] Error 8:Undefined index: user
[Mon, 22 Aug 2016 22:37:10 +0200] Error 8:Undefined index: user
[Mon, 22 Aug 2016 22:37:14 +0200] Error 8:Undefined index: user
[Mon, 22 Aug 2016 22:37:34 +0200] Error 8:Undefined index: user
[Mon, 22 Aug 2016 22:37:35 +0200] Error 8:Undefined index: user
[Mon, 22 Aug 2016 22:37:52 +0200] Error 8:Undefined index: user
[Mon, 22 Aug 2016 22:38:48 +0200] Error 8:Undefined index: user
[Mon, 22 Aug 2016 22:38:50 +0200] Error 8:Undefined index: user
[Mon, 22 Aug 2016 22:38:51 +0200] Error 8:Undefined index: user
[Tue, 23 Aug 2016 19:18:04 +0200] Error 8:Undefined index: user
[Tue, 23 Aug 2016 20:27:29 +0200] Error 8:Undefined index: user
[Tue, 23 Aug 2016 20:27:57 +0200] Error 8:Undefined index: user
[Tue, 23 Aug 2016 20:29:27 +0200] Error 8:Undefined index: user
[Tue, 23 Aug 2016 20:29:48 +0200] Error 2:include_once(php/modulos/menu.php): failed to open stream: No such file or directory
[Tue, 23 Aug 2016 20:29:48 +0200] Error 2:include_once(): Failed opening 'php/modulos/menu.php' for inclusion (include_path='E:\xampp\php\PEAR')
[Tue, 23 Aug 2016 20:29:48 +0200] Error 2:require_once(vistas/acl/con_ac.php): failed to open stream: No such file or directory
[Tue, 23 Aug 2016 20:30:06 +0200] Error 2:include_once(php/modulos/menu.php): failed to open stream: No such file or directory
[Tue, 23 Aug 2016 20:30:06 +0200] Error 2:include_once(): Failed opening 'php/modulos/menu.php' for inclusion (include_path='E:\xampp\php\PEAR')
[Tue, 23 Aug 2016 20:30:06 +0200] Error 2:require_once(vistas/acl/initacces.php): failed to open stream: No such file or directory
[Tue, 23 Aug 2016 20:30:12 +0200] Error 8:Undefined index: user
[Tue, 23 Aug 2016 20:32:22 +0200] Error 8:Undefined index: user
[Tue, 23 Aug 2016 20:32:45 +0200] Error 8:Undefined variable: ac
[Tue, 23 Aug 2016 20:32:45 +0200] Error 8:Undefined variable: ac
[Tue, 23 Aug 2016 20:32:45 +0200] Error 8:Undefined variable: ac
[Tue, 23 Aug 2016 20:32:45 +0200] Error 8:Undefined variable: ac
[Tue, 23 Aug 2016 20:40:15 +0200] Error 2:include_once(php/modulos/menu.php): failed to open stream: No such file or directory
[Tue, 23 Aug 2016 20:40:15 +0200] Error 2:include_once(): Failed opening 'php/modulos/menu.php' for inclusion (include_path='E:\xampp\php\PEAR')
[Tue, 23 Aug 2016 20:40:15 +0200] Error 2:require_once(vistas/acl/con_ac.php): failed to open stream: No such file or directory
[Tue, 23 Aug 2016 20:40:22 +0200] Error 2:include_once(php/modulos/menu.php): failed to open stream: No such file or directory
[Tue, 23 Aug 2016 20:40:22 +0200] Error 2:include_once(): Failed opening 'php/modulos/menu.php' for inclusion (include_path='E:\xampp\php\PEAR')
[Tue, 23 Aug 2016 20:40:22 +0200] Error 2:require_once(vistas/acl/initacces.php): failed to open stream: No such file or directory
[Tue, 23 Aug 2016 20:40:29 +0200] Error 8:Undefined index: user
[Tue, 23 Aug 2016 20:40:35 +0200] Error 8:Undefined index: user
[Tue, 23 Aug 2016 20:51:05 +0200] Error 8:Undefined index: user
[Tue, 23 Aug 2016 20:51:13 +0200] Error 8:Undefined index: user
[Tue, 23 Aug 2016 20:52:08 +0200] Error 8:Undefined index: user
[Tue, 23 Aug 2016 20:53:04 +0200] Error 8:Undefined index: user
[Tue, 23 Aug 2016 20:56:24 +0200] Error 8:Undefined index: user
[Tue, 23 Aug 2016 21:00:18 +0200] Error 8:Undefined index: user
[Tue, 23 Aug 2016 21:00:40 +0200] Error 8:Undefined index: user
[Tue, 23 Aug 2016 21:01:35 +0200] Error 8:Undefined index: user
[Tue, 23 Aug 2016 21:03:17 +0200] Error 8:Undefined index: user
[Tue, 23 Aug 2016 21:13:12 +0200] Error 8:Undefined index: user
[Tue, 23 Aug 2016 21:13:27 +0200] Error 8:Undefined index: user
[Tue, 23 Aug 2016 21:13:36 +0200] Error 8:Undefined index: user
[Tue, 23 Aug 2016 21:14:13 +0200] Error 8:Undefined index: user
[Tue, 23 Aug 2016 21:14:29 +0200] Error 8:Undefined index: user
[Tue, 23 Aug 2016 21:14:32 +0200] Error 8:Undefined index: user
[Tue, 23 Aug 2016 21:32:04 +0200] Error 8:Undefined variable: ac
[Tue, 23 Aug 2016 21:32:04 +0200] Error 8:Undefined variable: ac
[Tue, 23 Aug 2016 21:32:04 +0200] Error 8:Undefined variable: ac
[Tue, 23 Aug 2016 21:32:04 +0200] Error 8:Undefined variable: ac
[Tue, 23 Aug 2016 21:32:41 +0200] Error 2:include_once(php/modulos/menu.php): failed to open stream: No such file or directory
[Tue, 23 Aug 2016 21:32:41 +0200] Error 2:include_once(): Failed opening 'php/modulos/menu.php' for inclusion (include_path='E:\xampp\php\PEAR')
[Tue, 23 Aug 2016 21:32:41 +0200] Error 2:require_once(vistas/acl/con_ac.php): failed to open stream: No such file or directory
[Tue, 23 Aug 2016 21:32:54 +0200] Error 2:include_once(php/modulos/menu.php): failed to open stream: No such file or directory
[Tue, 23 Aug 2016 21:32:54 +0200] Error 2:include_once(): Failed opening 'php/modulos/menu.php' for inclusion (include_path='E:\xampp\php\PEAR')
[Tue, 23 Aug 2016 21:32:54 +0200] Error 2:require_once(vistas/acl/initacces.php): failed to open stream: No such file or directory
[Tue, 23 Aug 2016 21:33:00 +0200] Error 8:Undefined index: user
[Tue, 23 Aug 2016 21:33:17 +0200] Error 8:Undefined variable: ac
[Tue, 23 Aug 2016 21:33:17 +0200] Error 8:Undefined variable: ac
[Tue, 23 Aug 2016 21:33:17 +0200] Error 8:Undefined variable: ac
[Tue, 23 Aug 2016 21:33:17 +0200] Error 8:Undefined variable: ac
[Tue, 23 Aug 2016 21:42:21 +0200] Error 8:Undefined variable: ac
[Tue, 23 Aug 2016 21:42:21 +0200] Error 8:Undefined variable: ac
[Tue, 23 Aug 2016 21:42:21 +0200] Error 8:Undefined variable: ac
[Tue, 23 Aug 2016 21:42:21 +0200] Error 8:Undefined variable: ac
[Tue, 23 Aug 2016 21:44:20 +0200] Error 8:Undefined variable: ac
[Tue, 23 Aug 2016 21:44:20 +0200] Error 8:Undefined variable: ac
[Tue, 23 Aug 2016 21:44:20 +0200] Error 8:Undefined variable: ac
[Tue, 23 Aug 2016 21:44:20 +0200] Error 8:Undefined variable: ac
[Tue, 23 Aug 2016 21:57:45 +0200] Error 8:Undefined variable: ac
[Tue, 23 Aug 2016 21:57:45 +0200] Error 8:Undefined variable: ac
[Tue, 23 Aug 2016 21:57:45 +0200] Error 8:Undefined variable: ac
[Tue, 23 Aug 2016 21:57:45 +0200] Error 8:Undefined variable: ac
[Tue, 23 Aug 2016 21:58:07 +0200] Error 8:Undefined variable: ac
[Tue, 23 Aug 2016 21:58:07 +0200] Error 8:Undefined variable: ac
[Tue, 23 Aug 2016 21:58:07 +0200] Error 8:Undefined variable: ac
[Tue, 23 Aug 2016 21:58:07 +0200] Error 8:Undefined variable: ac
[Tue, 23 Aug 2016 21:58:10 +0200] Error 2:Invalid argument supplied for foreach()
[Tue, 23 Aug 2016 21:58:39 +0200] Error 2:Invalid argument supplied for foreach()
[Tue, 23 Aug 2016 21:59:53 +0200] Error 8:Undefined index: carpeta
[Tue, 23 Aug 2016 21:59:53 +0200] Error 2:Invalid argument supplied for foreach()
[Tue, 23 Aug 2016 21:59:58 +0200] Error 2:Invalid argument supplied for foreach()
[Tue, 23 Aug 2016 21:59:58 +0200] Error 2:Invalid argument supplied for foreach()
[Tue, 23 Aug 2016 22:01:29 +0200] Error 8:Undefined index: menus
[Tue, 23 Aug 2016 22:01:29 +0200] Error 2:Invalid argument supplied for foreach()
[Tue, 23 Aug 2016 22:01:29 +0200] Error 8:Undefined index: articulos
[Tue, 23 Aug 2016 22:01:29 +0200] Error 2:Invalid argument supplied for foreach()
[Tue, 23 Aug 2016 22:01:34 +0200] Error 8:Undefined index: carpeta
[Tue, 23 Aug 2016 22:01:34 +0200] Error 2:Invalid argument supplied for foreach()
[Tue, 23 Aug 2016 22:02:03 +0200] Error 8:Undefined index: user
[Tue, 23 Aug 2016 22:02:12 +0200] Error 8:Undefined index: user
[Wed, 24 Aug 2016 18:37:39 +0200] Error 8:Undefined index: user
[Wed, 24 Aug 2016 19:04:14 +0200] Error 8192:Function ereg() is deprecated
[Wed, 24 Aug 2016 19:07:13 +0200] Error 8192:Function ereg() is deprecated
[Wed, 24 Aug 2016 19:13:18 +0200] Error 8192:Function ereg() is deprecated
[Wed, 24 Aug 2016 19:13:34 +0200] Error 8192:Function ereg() is deprecated
[Wed, 24 Aug 2016 19:13:40 +0200] Error 8:Undefined variable: ac
[Wed, 24 Aug 2016 19:13:40 +0200] Error 8:Undefined variable: ac
[Wed, 24 Aug 2016 19:13:40 +0200] Error 8:Undefined variable: ac
[Wed, 24 Aug 2016 19:13:40 +0200] Error 8:Undefined variable: ac
[Wed, 24 Aug 2016 19:14:26 +0200] Error 8192:Function ereg() is deprecated
[Wed, 24 Aug 2016 19:20:15 +0200] Error 8192:Function ereg() is deprecated
[Wed, 24 Aug 2016 19:21:43 +0200] Error 8:Undefined index: user
[Wed, 24 Aug 2016 19:21:48 +0200] Error 8192:Function ereg() is deprecated
[Wed, 24 Aug 2016 19:22:27 +0200] Error 8192:Function ereg() is deprecated
[Wed, 24 Aug 2016 19:33:20 +0200] Error 8192:Function ereg() is deprecated
[Wed, 24 Aug 2016 19:37:05 +0200] Error 8192:Function ereg() is deprecated
[Wed, 24 Aug 2016 19:37:46 +0200] Error 8192:Function ereg() is deprecated
[Wed, 24 Aug 2016 19:38:52 +0200] Error 8192:Function ereg() is deprecated
[Wed, 24 Aug 2016 19:39:56 +0200] Error 8192:Function ereg() is deprecated
[Wed, 24 Aug 2016 19:40:46 +0200] Error 8192:Function ereg() is deprecated
[Wed, 24 Aug 2016 19:42:10 +0200] Error 8192:Function ereg() is deprecated
[Wed, 24 Aug 2016 19:47:59 +0200] Error 8192:Function ereg() is deprecated
[Wed, 24 Aug 2016 19:51:34 +0200] Error 8192:Function ereg() is deprecated
[Wed, 24 Aug 2016 19:52:23 +0200] Error 8192:Function ereg() is deprecated
[Wed, 24 Aug 2016 19:52:51 +0200] Error 8192:Function ereg() is deprecated
[Wed, 24 Aug 2016 19:56:59 +0200] Error 8192:Function ereg() is deprecated
[Wed, 24 Aug 2016 19:57:48 +0200] Error 8192:Function ereg() is deprecated
[Wed, 24 Aug 2016 20:18:37 +0200] Error 8:Undefined index: carpeta
[Wed, 24 Aug 2016 20:18:37 +0200] Error 2:Invalid argument supplied for foreach()
[Wed, 24 Aug 2016 20:19:01 +0200] Error 8:Undefined index: carpeta
[Wed, 24 Aug 2016 20:19:01 +0200] Error 2:Invalid argument supplied for foreach()
[Wed, 24 Aug 2016 20:19:06 +0200] Error 8:Undefined index: carpeta
[Wed, 24 Aug 2016 20:19:06 +0200] Error 2:Invalid argument supplied for foreach()
[Wed, 24 Aug 2016 20:39:39 +0200] Error 8:Undefined index: carpeta
[Wed, 24 Aug 2016 20:39:39 +0200] Error 2:Invalid argument supplied for foreach()
[Wed, 24 Aug 2016 20:48:37 +0200] Error 8:Undefined index: carpeta
[Wed, 24 Aug 2016 20:48:37 +0200] Error 2:Invalid argument supplied for foreach()
[Wed, 24 Aug 2016 20:48:41 +0200] Error 8:Undefined index: carpeta
[Wed, 24 Aug 2016 20:48:41 +0200] Error 2:Invalid argument supplied for foreach()
[Wed, 24 Aug 2016 20:48:45 +0200] Error 8:Undefined index: carpeta
[Wed, 24 Aug 2016 20:48:45 +0200] Error 2:Invalid argument supplied for foreach()
[Wed, 24 Aug 2016 20:48:46 +0200] Error 8:Undefined index: carpeta
[Wed, 24 Aug 2016 20:48:46 +0200] Error 2:Invalid argument supplied for foreach()
[Wed, 24 Aug 2016 20:50:02 +0200] Error 8:Undefined index: carpeta
[Wed, 24 Aug 2016 20:50:02 +0200] Error 2:Invalid argument supplied for foreach()
[Wed, 24 Aug 2016 20:50:05 +0200] Error 8:Undefined index: carpeta
[Wed, 24 Aug 2016 20:50:05 +0200] Error 2:Invalid argument supplied for foreach()
[Wed, 24 Aug 2016 20:50:07 +0200] Error 8:Undefined index: carpeta
[Wed, 24 Aug 2016 20:50:07 +0200] Error 2:Invalid argument supplied for foreach()
[Wed, 24 Aug 2016 20:53:45 +0200] Error 8:Undefined index: carpeta
[Wed, 24 Aug 2016 20:53:45 +0200] Error 2:Invalid argument supplied for foreach()
[Wed, 24 Aug 2016 20:54:06 +0200] Error 8:Undefined index: carpeta
[Wed, 24 Aug 2016 20:54:06 +0200] Error 2:Invalid argument supplied for foreach()
[Wed, 24 Aug 2016 20:54:57 +0200] Error 8:Undefined index: carpeta
[Wed, 24 Aug 2016 20:54:57 +0200] Error 2:Invalid argument supplied for foreach()
[Wed, 24 Aug 2016 20:56:29 +0200] Error 8:Undefined index: carpeta
[Wed, 24 Aug 2016 20:56:29 +0200] Error 2:Invalid argument supplied for foreach()
[Wed, 24 Aug 2016 21:00:44 +0200] Error 8:Undefined index: carpeta
[Wed, 24 Aug 2016 21:00:44 +0200] Error 2:Invalid argument supplied for foreach()
[Wed, 24 Aug 2016 21:01:47 +0200] Error 8:Undefined index: carpeta
[Wed, 24 Aug 2016 21:01:47 +0200] Error 2:Invalid argument supplied for foreach()
[Wed, 24 Aug 2016 21:17:33 +0200] Error 8:Undefined variable: ac
[Wed, 24 Aug 2016 21:17:33 +0200] Error 8:Undefined variable: ac
[Wed, 24 Aug 2016 21:17:33 +0200] Error 8:Undefined variable: ac
[Wed, 24 Aug 2016 21:17:33 +0200] Error 8:Undefined variable: ac
[Wed, 24 Aug 2016 21:19:29 +0200] Error 8:Undefined variable: ac
[Wed, 24 Aug 2016 21:19:29 +0200] Error 8:Undefined variable: ac
[Wed, 24 Aug 2016 21:19:29 +0200] Error 8:Undefined variable: ac
[Wed, 24 Aug 2016 21:19:29 +0200] Error 8:Undefined variable: ac
[Wed, 24 Aug 2016 21:27:51 +0200] Error 8:Undefined variable: ac
[Wed, 24 Aug 2016 21:27:51 +0200] Error 8:Undefined variable: ac
[Wed, 24 Aug 2016 21:27:51 +0200] Error 8:Undefined variable: ac
[Wed, 24 Aug 2016 21:27:51 +0200] Error 8:Undefined variable: ac
[Wed, 24 Aug 2016 21:36:35 +0200] Error 8192:Function ereg() is deprecated
[Wed, 24 Aug 2016 21:36:38 +0200] Error 8:Undefined variable: ac
[Wed, 24 Aug 2016 21:36:38 +0200] Error 8:Undefined variable: ac
[Wed, 24 Aug 2016 21:36:38 +0200] Error 8:Undefined variable: ac
[Wed, 24 Aug 2016 21:36:38 +0200] Error 8:Undefined variable: ac
[Wed, 24 Aug 2016 21:37:45 +0200] Error 8:Undefined index: carpeta
[Wed, 24 Aug 2016 21:37:45 +0200] Error 2:Invalid argument supplied for foreach()
[Wed, 24 Aug 2016 21:37:55 +0200] Error 8:Undefined index: carpeta
[Wed, 24 Aug 2016 21:37:55 +0200] Error 2:Invalid argument supplied for foreach()
[Wed, 24 Aug 2016 21:38:08 +0200] Error 8:Undefined index: user
[Wed, 24 Aug 2016 21:42:57 +0200] Error 8:Undefined index: user
[Wed, 24 Aug 2016 21:43:42 +0200] Error 8:Undefined index: user
[Wed, 24 Aug 2016 21:44:46 +0200] Error 8:Undefined index: user
[Wed, 24 Aug 2016 21:44:55 +0200] Error 8:Undefined index: user
[Wed, 24 Aug 2016 21:46:02 +0200] Error 8:Undefined index: user
[Wed, 24 Aug 2016 21:46:38 +0200] Error 8:Undefined index: user
[Wed, 24 Aug 2016 21:46:50 +0200] Error 8:Undefined index: user
[Wed, 24 Aug 2016 21:46:59 +0200] Error 8:Undefined index: user
[Wed, 24 Aug 2016 21:47:13 +0200] Error 8:Undefined index: user
[Wed, 24 Aug 2016 21:47:15 +0200] Error 8:Undefined index: user
[Wed, 24 Aug 2016 21:47:22 +0200] Error 8:Undefined index: user
[Wed, 24 Aug 2016 21:47:29 +0200] Error 8:Undefined index: user
[Wed, 24 Aug 2016 21:47:33 +0200] Error 8:Undefined index: user
[Wed, 24 Aug 2016 21:49:38 +0200] Error 8:Undefined index: user
[Wed, 24 Aug 2016 21:50:35 +0200] Error 8:Undefined index: user
[Thu, 25 Aug 2016 17:53:41 +0200] Error 8:Undefined index: user
[Thu, 25 Aug 2016 18:16:31 +0200] Error 2:Invalid argument supplied for foreach()
[Thu, 25 Aug 2016 18:16:33 +0200] Error 2:Invalid argument supplied for foreach()
[Thu, 25 Aug 2016 18:16:34 +0200] Error 2:Invalid argument supplied for foreach()
[Thu, 25 Aug 2016 18:16:35 +0200] Error 2:Invalid argument supplied for foreach()
[Thu, 25 Aug 2016 18:16:35 +0200] Error 2:Invalid argument supplied for foreach()
[Thu, 25 Aug 2016 18:16:35 +0200] Error 2:Invalid argument supplied for foreach()
[Thu, 25 Aug 2016 18:16:36 +0200] Error 2:Invalid argument supplied for foreach()
[Thu, 25 Aug 2016 18:16:36 +0200] Error 2:Invalid argument supplied for foreach()
[Thu, 25 Aug 2016 18:16:37 +0200] Error 2:Invalid argument supplied for foreach()
[Thu, 25 Aug 2016 18:16:37 +0200] Error 2:Invalid argument supplied for foreach()
[Thu, 25 Aug 2016 18:16:38 +0200] Error 2:Invalid argument supplied for foreach()
[Thu, 25 Aug 2016 18:16:38 +0200] Error 2:Invalid argument supplied for foreach()
[Thu, 25 Aug 2016 18:16:39 +0200] Error 2:Invalid argument supplied for foreach()
[Thu, 25 Aug 2016 18:17:05 +0200] Error 2:Invalid argument supplied for foreach()
[Thu, 25 Aug 2016 18:17:06 +0200] Error 2:Invalid argument supplied for foreach()
[Thu, 25 Aug 2016 18:17:06 +0200] Error 2:Invalid argument supplied for foreach()
[Thu, 25 Aug 2016 18:17:07 +0200] Error 2:Invalid argument supplied for foreach()
[Thu, 25 Aug 2016 18:17:07 +0200] Error 2:Invalid argument supplied for foreach()
[Thu, 25 Aug 2016 18:17:08 +0200] Error 2:Invalid argument supplied for foreach()
[Thu, 25 Aug 2016 18:17:08 +0200] Error 2:Invalid argument supplied for foreach()
[Thu, 25 Aug 2016 18:17:08 +0200] Error 2:Invalid argument supplied for foreach()
[Thu, 25 Aug 2016 18:17:09 +0200] Error 2:Invalid argument supplied for foreach()
[Thu, 25 Aug 2016 18:17:10 +0200] Error 2:Invalid argument supplied for foreach()
[Thu, 25 Aug 2016 18:17:10 +0200] Error 2:Invalid argument supplied for foreach()
[Thu, 25 Aug 2016 18:17:11 +0200] Error 2:Invalid argument supplied for foreach()
[Thu, 25 Aug 2016 18:17:11 +0200] Error 2:Invalid argument supplied for foreach()
[Thu, 25 Aug 2016 18:17:28 +0200] Error 2:Invalid argument supplied for foreach()
[Thu, 25 Aug 2016 18:17:28 +0200] Error 2:Invalid argument supplied for foreach()
[Thu, 25 Aug 2016 18:17:29 +0200] Error 2:Invalid argument supplied for foreach()
[Thu, 25 Aug 2016 18:17:29 +0200] Error 2:Invalid argument supplied for foreach()
[Thu, 25 Aug 2016 18:17:30 +0200] Error 2:Invalid argument supplied for foreach()
[Thu, 25 Aug 2016 18:17:30 +0200] Error 2:Invalid argument supplied for foreach()
[Thu, 25 Aug 2016 18:17:31 +0200] Error 2:Invalid argument supplied for foreach()
[Thu, 25 Aug 2016 18:17:32 +0200] Error 2:Invalid argument supplied for foreach()
[Thu, 25 Aug 2016 18:18:58 +0200] Error 2:Invalid argument supplied for foreach()
[Thu, 25 Aug 2016 18:18:59 +0200] Error 2:Invalid argument supplied for foreach()
[Thu, 25 Aug 2016 18:19:00 +0200] Error 2:Invalid argument supplied for foreach()
[Thu, 25 Aug 2016 18:19:01 +0200] Error 2:Invalid argument supplied for foreach()
[Thu, 25 Aug 2016 18:19:02 +0200] Error 2:Invalid argument supplied for foreach()
[Thu, 25 Aug 2016 18:19:19 +0200] Error 2:Invalid argument supplied for foreach()
[Thu, 25 Aug 2016 18:19:19 +0200] Error 2:Invalid argument supplied for foreach()
[Thu, 25 Aug 2016 18:19:19 +0200] Error 2:Invalid argument supplied for foreach()
[Thu, 25 Aug 2016 18:19:20 +0200] Error 2:Invalid argument supplied for foreach()
[Thu, 25 Aug 2016 18:19:21 +0200] Error 2:Invalid argument supplied for foreach()
[Thu, 25 Aug 2016 18:19:21 +0200] Error 2:Invalid argument supplied for foreach()
[Thu, 25 Aug 2016 18:19:21 +0200] Error 2:Invalid argument supplied for foreach()
[Thu, 25 Aug 2016 18:19:22 +0200] Error 2:Invalid argument supplied for foreach()
[Thu, 25 Aug 2016 18:19:22 +0200] Error 2:Invalid argument supplied for foreach()
[Thu, 25 Aug 2016 18:19:23 +0200] Error 2:Invalid argument supplied for foreach()
[Thu, 25 Aug 2016 18:19:23 +0200] Error 2:Invalid argument supplied for foreach()
[Thu, 25 Aug 2016 18:19:34 +0200] Error 2:Invalid argument supplied for foreach()
[Thu, 25 Aug 2016 18:19:35 +0200] Error 2:Invalid argument supplied for foreach()
[Thu, 25 Aug 2016 18:19:36 +0200] Error 2:Invalid argument supplied for foreach()
[Thu, 25 Aug 2016 18:19:36 +0200] Error 2:Invalid argument supplied for foreach()
[Thu, 25 Aug 2016 18:19:37 +0200] Error 2:Invalid argument supplied for foreach()
[Thu, 25 Aug 2016 18:21:26 +0200] Error 2:Invalid argument supplied for foreach()
[Thu, 25 Aug 2016 18:21:27 +0200] Error 2:Invalid argument supplied for foreach()
[Thu, 25 Aug 2016 18:21:28 +0200] Error 2:Invalid argument supplied for foreach()
[Thu, 25 Aug 2016 18:21:30 +0200] Error 2:Invalid argument supplied for foreach()
[Thu, 25 Aug 2016 18:21:31 +0200] Error 2:Invalid argument supplied for foreach()
[Thu, 25 Aug 2016 18:21:31 +0200] Error 2:Invalid argument supplied for foreach()
[Thu, 25 Aug 2016 18:21:31 +0200] Error 2:Invalid argument supplied for foreach()
[Thu, 25 Aug 2016 18:21:31 +0200] Error 2:Invalid argument supplied for foreach()
[Thu, 25 Aug 2016 18:21:31 +0200] Error 2:Invalid argument supplied for foreach()
[Thu, 25 Aug 2016 18:21:31 +0200] Error 2:Invalid argument supplied for foreach()
[Thu, 25 Aug 2016 18:21:31 +0200] Error 2:Invalid argument supplied for foreach()
[Thu, 25 Aug 2016 18:21:32 +0200] Error 2:Invalid argument supplied for foreach()
[Thu, 25 Aug 2016 18:21:32 +0200] Error 2:Invalid argument supplied for foreach()
[Thu, 25 Aug 2016 18:21:32 +0200] Error 2:Invalid argument supplied for foreach()
[Thu, 25 Aug 2016 18:21:32 +0200] Error 2:Invalid argument supplied for foreach()
[Thu, 25 Aug 2016 18:21:32 +0200] Error 2:Invalid argument supplied for foreach()
[Thu, 25 Aug 2016 18:21:32 +0200] Error 2:Invalid argument supplied for foreach()
[Thu, 25 Aug 2016 18:21:32 +0200] Error 2:Invalid argument supplied for foreach()
[Thu, 25 Aug 2016 18:21:32 +0200] Error 2:Invalid argument supplied for foreach()
[Thu, 25 Aug 2016 18:21:32 +0200] Error 2:Invalid argument supplied for foreach()
[Thu, 25 Aug 2016 18:21:32 +0200] Error 2:Invalid argument supplied for foreach()
[Thu, 25 Aug 2016 18:21:32 +0200] Error 2:Invalid argument supplied for foreach()
[Thu, 25 Aug 2016 18:21:32 +0200] Error 2:Invalid argument supplied for foreach()
[Thu, 25 Aug 2016 18:21:32 +0200] Error 2:Invalid argument supplied for foreach()
[Thu, 25 Aug 2016 18:21:32 +0200] Error 2:Invalid argument supplied for foreach()
[Thu, 25 Aug 2016 18:21:32 +0200] Error 2:Invalid argument supplied for foreach()
[Thu, 25 Aug 2016 18:21:32 +0200] Error 2:Invalid argument supplied for foreach()
[Thu, 25 Aug 2016 18:21:32 +0200] Error 2:Invalid argument supplied for foreach()
[Thu, 25 Aug 2016 18:21:32 +0200] Error 2:Invalid argument supplied for foreach()
[Thu, 25 Aug 2016 18:21:32 +0200] Error 2:Invalid argument supplied for foreach()
[Thu, 25 Aug 2016 18:21:32 +0200] Error 2:Invalid argument supplied for foreach()
[Thu, 25 Aug 2016 18:21:32 +0200] Error 2:Invalid argument supplied for foreach()
[Thu, 25 Aug 2016 18:21:32 +0200] Error 2:Invalid argument supplied for foreach()
[Thu, 25 Aug 2016 18:21:32 +0200] Error 2:Invalid argument supplied for foreach()
[Thu, 25 Aug 2016 18:21:32 +0200] Error 2:Invalid argument supplied for foreach()
[Thu, 25 Aug 2016 18:21:32 +0200] Error 2:Invalid argument supplied for foreach()
[Thu, 25 Aug 2016 18:21:32 +0200] Error 2:Invalid argument supplied for foreach()
[Thu, 25 Aug 2016 18:27:15 +0200] Error 8:Undefined variable: ac
[Thu, 25 Aug 2016 18:27:15 +0200] Error 8:Undefined variable: ac
[Thu, 25 Aug 2016 18:27:15 +0200] Error 8:Undefined variable: ac
[Thu, 25 Aug 2016 18:27:15 +0200] Error 8:Undefined variable: ac
[Thu, 25 Aug 2016 18:27:20 +0200] Error 8:Undefined variable: ac
[Thu, 25 Aug 2016 18:27:20 +0200] Error 8:Undefined variable: ac
[Thu, 25 Aug 2016 18:27:20 +0200] Error 8:Undefined variable: ac
[Thu, 25 Aug 2016 18:27:20 +0200] Error 8:Undefined variable: ac
[Thu, 25 Aug 2016 19:45:31 +0200] Error 8:Undefined variable: ac
[Thu, 25 Aug 2016 19:45:31 +0200] Error 8:Undefined variable: ac
[Thu, 25 Aug 2016 19:45:31 +0200] Error 8:Undefined variable: ac
[Thu, 25 Aug 2016 19:45:31 +0200] Error 8:Undefined variable: ac
[Thu, 25 Aug 2016 20:29:20 +0200] Error 8:Undefined index: user
[Thu, 25 Aug 2016 22:20:52 +0200] Error 8:Undefined index: user
[Thu, 25 Aug 2016 22:20:54 +0200] Error 8:Undefined index: user
[Fri, 26 Aug 2016 20:11:03 +0200] Error 8:Undefined index: user
[Fri, 26 Aug 2016 20:11:05 +0200] Error 8:Undefined index: user
[Fri, 26 Aug 2016 20:11:51 +0200] Error 8:Undefined index: user
[Fri, 26 Aug 2016 20:13:34 +0200] Error 8:Undefined index: user
[Fri, 26 Aug 2016 20:13:35 +0200] Error 8:Undefined index: user
[Fri, 26 Aug 2016 20:14:27 +0200] Error 8:Undefined index: user
[Fri, 26 Aug 2016 20:14:38 +0200] Error 8:Undefined index: user
[Fri, 26 Aug 2016 20:14:41 +0200] Error 8:Undefined index: user
[Fri, 26 Aug 2016 20:14:44 +0200] Error 8:Undefined index: user
[Fri, 26 Aug 2016 20:14:48 +0200] Error 8:Undefined index: user
[Fri, 26 Aug 2016 20:18:39 +0200] Error 8:Undefined index: user
[Fri, 26 Aug 2016 20:27:02 +0200] Error 8:Undefined variable: ac
[Fri, 26 Aug 2016 20:27:02 +0200] Error 8:Undefined variable: ac
[Fri, 26 Aug 2016 20:27:02 +0200] Error 8:Undefined variable: ac
[Fri, 26 Aug 2016 20:27:02 +0200] Error 8:Undefined variable: ac
[Tue, 30 Aug 2016 21:07:11 +0200] Error 8:Undefined index: carpeta
[Tue, 30 Aug 2016 21:07:11 +0200] Error 2:Invalid argument supplied for foreach()
[Tue, 30 Aug 2016 21:09:09 +0200] Error 8:Undefined index: carpeta
[Tue, 30 Aug 2016 21:09:09 +0200] Error 2:Invalid argument supplied for foreach()
[Tue, 30 Aug 2016 21:09:20 +0200] Error 8:Undefined index: carpeta
[Tue, 30 Aug 2016 21:09:20 +0200] Error 2:Invalid argument supplied for foreach()
[Tue, 30 Aug 2016 21:16:14 +0200] Error 8:Undefined index: carpeta
[Tue, 30 Aug 2016 21:16:14 +0200] Error 2:Invalid argument supplied for foreach()
[Tue, 30 Aug 2016 21:16:17 +0200] Error 8:Undefined index: carpeta
[Tue, 30 Aug 2016 21:16:17 +0200] Error 2:Invalid argument supplied for foreach()
[Tue, 30 Aug 2016 21:19:26 +0200] Error 8:Undefined index: carpeta
[Tue, 30 Aug 2016 21:19:26 +0200] Error 2:Invalid argument supplied for foreach()
[Tue, 30 Aug 2016 21:27:15 +0200] Error 8:Undefined index: carpeta
[Tue, 30 Aug 2016 21:27:15 +0200] Error 2:Invalid argument supplied for foreach()
[Tue, 30 Aug 2016 21:28:08 +0200] Error 8:Undefined index: carpeta
[Tue, 30 Aug 2016 21:28:08 +0200] Error 2:Invalid argument supplied for foreach()
[Tue, 30 Aug 2016 21:32:40 +0200] Error 8:Undefined index: carpeta
[Tue, 30 Aug 2016 21:32:40 +0200] Error 2:Invalid argument supplied for foreach()
[Tue, 30 Aug 2016 21:33:42 +0200] Error 8:Undefined index: carpeta
[Tue, 30 Aug 2016 21:33:42 +0200] Error 2:Invalid argument supplied for foreach()
[Tue, 30 Aug 2016 21:34:23 +0200] Error 8:Undefined index: carpeta
[Tue, 30 Aug 2016 21:34:23 +0200] Error 2:Invalid argument supplied for foreach()
[Tue, 30 Aug 2016 21:38:45 +0200] Error 8:Undefined index: carpeta
[Tue, 30 Aug 2016 21:38:45 +0200] Error 2:Invalid argument supplied for foreach()
[Tue, 30 Aug 2016 21:38:51 +0200] Error 8:Undefined index: carpeta
[Tue, 30 Aug 2016 21:38:51 +0200] Error 2:Invalid argument supplied for foreach()
[Tue, 30 Aug 2016 21:41:29 +0200] Error 8:Undefined index: carpeta
[Tue, 30 Aug 2016 21:41:29 +0200] Error 2:Invalid argument supplied for foreach()
[Tue, 30 Aug 2016 21:46:34 +0200] Error 8:Undefined index: carpeta
[Tue, 30 Aug 2016 21:46:34 +0200] Error 2:Invalid argument supplied for foreach()
[Tue, 30 Aug 2016 21:47:02 +0200] Error 8:Undefined index: carpeta
[Tue, 30 Aug 2016 21:47:02 +0200] Error 2:Invalid argument supplied for foreach()
[Tue, 30 Aug 2016 21:48:12 +0200] Error 8:Undefined index: carpeta
[Tue, 30 Aug 2016 21:48:12 +0200] Error 2:Invalid argument supplied for foreach()
[Tue, 30 Aug 2016 21:59:11 +0200] Error 8:Undefined index: carpeta
[Tue, 30 Aug 2016 21:59:11 +0200] Error 2:Invalid argument supplied for foreach()
[Tue, 30 Aug 2016 21:59:37 +0200] Error 8:Undefined index: carpeta
[Tue, 30 Aug 2016 21:59:37 +0200] Error 2:Invalid argument supplied for foreach()
[Tue, 30 Aug 2016 22:01:53 +0200] Error 8:Undefined index: carpeta
[Tue, 30 Aug 2016 22:01:53 +0200] Error 2:Invalid argument supplied for foreach()
[Tue, 30 Aug 2016 22:03:22 +0200] Error 8:Undefined index: carpeta
[Tue, 30 Aug 2016 22:03:22 +0200] Error 2:Invalid argument supplied for foreach()
[Tue, 30 Aug 2016 22:03:55 +0200] Error 8:Undefined index: carpeta
[Tue, 30 Aug 2016 22:03:55 +0200] Error 2:Invalid argument supplied for foreach()
[Tue, 30 Aug 2016 22:04:32 +0200] Error 8:Undefined index: carpeta
[Tue, 30 Aug 2016 22:04:32 +0200] Error 2:Invalid argument supplied for foreach()
[Tue, 30 Aug 2016 22:04:52 +0200] Error 8:Undefined index: carpeta
[Tue, 30 Aug 2016 22:04:52 +0200] Error 2:Invalid argument supplied for foreach()
[Tue, 30 Aug 2016 22:05:55 +0200] Error 8:Undefined index: carpeta
[Tue, 30 Aug 2016 22:05:55 +0200] Error 2:Invalid argument supplied for foreach()
[Tue, 30 Aug 2016 22:06:59 +0200] Error 8:Undefined index: carpeta
[Tue, 30 Aug 2016 22:06:59 +0200] Error 2:Invalid argument supplied for foreach()
[Tue, 30 Aug 2016 22:07:33 +0200] Error 8:Undefined index: carpeta
[Tue, 30 Aug 2016 22:07:33 +0200] Error 2:Invalid argument supplied for foreach()
[Tue, 30 Aug 2016 22:08:44 +0200] Error 8:Undefined index: carpeta
[Tue, 30 Aug 2016 22:08:44 +0200] Error 2:Invalid argument supplied for foreach()
[Tue, 30 Aug 2016 22:10:37 +0200] Error 8:Undefined index: carpeta
[Tue, 30 Aug 2016 22:10:37 +0200] Error 2:Invalid argument supplied for foreach()
[Tue, 30 Aug 2016 22:10:37 +0200] Error 8:Undefined index: carpeta
[Tue, 30 Aug 2016 22:10:37 +0200] Error 2:Invalid argument supplied for foreach()
[Tue, 30 Aug 2016 22:10:37 +0200] Error 8:Undefined index: carpeta
[Tue, 30 Aug 2016 22:10:37 +0200] Error 2:Invalid argument supplied for foreach()
[Tue, 30 Aug 2016 22:10:37 +0200] Error 8:Undefined index: carpeta
[Tue, 30 Aug 2016 22:10:37 +0200] Error 2:Invalid argument supplied for foreach()
[Tue, 30 Aug 2016 22:10:37 +0200] Error 8:Undefined index: carpeta
[Tue, 30 Aug 2016 22:10:37 +0200] Error 2:Invalid argument supplied for foreach()
[Tue, 30 Aug 2016 22:10:38 +0200] Error 8:Undefined index: carpeta
[Tue, 30 Aug 2016 22:10:38 +0200] Error 2:Invalid argument supplied for foreach()
[Tue, 30 Aug 2016 22:10:38 +0200] Error 8:Undefined index: carpeta
[Tue, 30 Aug 2016 22:10:38 +0200] Error 2:Invalid argument supplied for foreach()
[Tue, 30 Aug 2016 22:10:38 +0200] Error 8:Undefined index: carpeta
[Tue, 30 Aug 2016 22:10:38 +0200] Error 2:Invalid argument supplied for foreach()
[Tue, 30 Aug 2016 22:10:38 +0200] Error 8:Undefined index: carpeta
[Tue, 30 Aug 2016 22:10:38 +0200] Error 2:Invalid argument supplied for foreach()
[Tue, 30 Aug 2016 22:10:38 +0200] Error 8:Undefined index: carpeta
[Tue, 30 Aug 2016 22:10:38 +0200] Error 2:Invalid argument supplied for foreach()
[Tue, 30 Aug 2016 22:10:38 +0200] Error 8:Undefined index: carpeta
[Tue, 30 Aug 2016 22:10:38 +0200] Error 2:Invalid argument supplied for foreach()
[Tue, 30 Aug 2016 22:10:38 +0200] Error 8:Undefined index: carpeta
[Tue, 30 Aug 2016 22:10:38 +0200] Error 2:Invalid argument supplied for foreach()
[Tue, 30 Aug 2016 22:10:38 +0200] Error 8:Undefined index: carpeta
[Tue, 30 Aug 2016 22:10:38 +0200] Error 2:Invalid argument supplied for foreach()
[Tue, 30 Aug 2016 22:10:38 +0200] Error 8:Undefined index: carpeta
[Tue, 30 Aug 2016 22:10:38 +0200] Error 2:Invalid argument supplied for foreach()
[Tue, 30 Aug 2016 22:10:38 +0200] Error 8:Undefined index: carpeta
[Tue, 30 Aug 2016 22:10:38 +0200] Error 2:Invalid argument supplied for foreach()
[Tue, 30 Aug 2016 22:10:38 +0200] Error 8:Undefined index: carpeta
[Tue, 30 Aug 2016 22:10:38 +0200] Error 2:Invalid argument supplied for foreach()
[Tue, 30 Aug 2016 22:10:38 +0200] Error 8:Undefined index: carpeta
[Tue, 30 Aug 2016 22:10:38 +0200] Error 2:Invalid argument supplied for foreach()
[Tue, 30 Aug 2016 22:12:25 +0200] Error 8:Undefined index: carpeta
[Tue, 30 Aug 2016 22:12:25 +0200] Error 2:Invalid argument supplied for foreach()
[Tue, 30 Aug 2016 22:12:36 +0200] Error 8:Undefined index: carpeta
[Tue, 30 Aug 2016 22:12:36 +0200] Error 2:Invalid argument supplied for foreach()
[Tue, 30 Aug 2016 22:13:51 +0200] Error 8:Undefined index: carpeta
[Tue, 30 Aug 2016 22:13:51 +0200] Error 2:Invalid argument supplied for foreach()
[Sat, 03 Sep 2016 21:12:50 +0200] Error 8:Undefined variable: ac
[Sat, 03 Sep 2016 21:12:50 +0200] Error 8:Undefined variable: ac
[Sat, 03 Sep 2016 21:12:50 +0200] Error 8:Undefined variable: ac
[Sat, 03 Sep 2016 21:12:50 +0200] Error 8:Undefined variable: ac
[Sat, 03 Sep 2016 21:14:36 +0200] Error 8:Undefined variable: ac
[Sat, 03 Sep 2016 21:14:36 +0200] Error 8:Undefined variable: ac
[Sat, 03 Sep 2016 21:14:36 +0200] Error 8:Undefined variable: ac
[Sat, 03 Sep 2016 21:14:36 +0200] Error 8:Undefined variable: ac
[Sat, 03 Sep 2016 22:47:27 +0200] Error 8:Undefined variable: ac
[Sat, 03 Sep 2016 22:47:27 +0200] Error 8:Undefined variable: ac
[Sat, 03 Sep 2016 22:47:27 +0200] Error 8:Undefined variable: ac
[Sat, 03 Sep 2016 22:47:27 +0200] Error 8:Undefined variable: ac
[Sat, 03 Sep 2016 22:47:37 +0200] Error 8:Undefined variable: ac
[Sat, 03 Sep 2016 22:47:37 +0200] Error 8:Undefined variable: ac
[Sat, 03 Sep 2016 22:47:37 +0200] Error 8:Undefined variable: ac
[Sat, 03 Sep 2016 22:47:37 +0200] Error 8:Undefined variable: ac
[Sat, 03 Sep 2016 22:50:02 +0200] Error 8:Undefined variable: ac
[Sat, 03 Sep 2016 22:50:02 +0200] Error 8:Undefined variable: ac
[Sat, 03 Sep 2016 22:50:02 +0200] Error 8:Undefined variable: ac
[Sat, 03 Sep 2016 22:50:02 +0200] Error 8:Undefined variable: ac
[Sat, 03 Sep 2016 22:50:44 +0200] Error 8:Undefined variable: ac
[Sat, 03 Sep 2016 22:50:44 +0200] Error 8:Undefined variable: ac
[Sat, 03 Sep 2016 22:50:44 +0200] Error 8:Undefined variable: ac
[Sat, 03 Sep 2016 22:50:44 +0200] Error 8:Undefined variable: ac
[Sat, 03 Sep 2016 22:58:43 +0200] Error 8:Undefined variable: ac
[Sat, 03 Sep 2016 22:58:43 +0200] Error 8:Undefined variable: ac
[Sat, 03 Sep 2016 22:58:43 +0200] Error 8:Undefined variable: ac
[Sat, 03 Sep 2016 22:58:43 +0200] Error 8:Undefined variable: ac
[Sat, 03 Sep 2016 22:59:37 +0200] Error 8:Undefined variable: ac
[Sat, 03 Sep 2016 22:59:37 +0200] Error 8:Undefined variable: ac
[Sat, 03 Sep 2016 22:59:37 +0200] Error 8:Undefined variable: ac
[Sat, 03 Sep 2016 22:59:37 +0200] Error 8:Undefined variable: ac
[Sat, 03 Sep 2016 23:00:01 +0200] Error 8:Undefined variable: ac
[Sat, 03 Sep 2016 23:00:01 +0200] Error 8:Undefined variable: ac
[Sat, 03 Sep 2016 23:00:01 +0200] Error 8:Undefined variable: ac
[Sat, 03 Sep 2016 23:00:01 +0200] Error 8:Undefined variable: ac
